22:31:18 INFO  : Registering command handlers for SDK TCF services
22:31:18 INFO  : Launching XSCT server: xsct.bat -interactive D:\7020test\EBAZ4205\EBAZ4205.sdk\temp_xsdb_launch_script.tcl
22:31:20 INFO  : XSCT server has started successfully.
22:31:21 INFO  : Successfully done setting XSCT server connection channel  
22:31:21 INFO  : Successfully done setting SDK workspace  
22:31:21 INFO  : Processing command line option -hwspec D:/7020test/EBAZ4205/EBAZ4205.sdk/EBAZ4205_wrapper.hdf.
22:34:39 INFO  : Invoking Bootgen: bootgen -image test.bif -arch zynq -o D:\7020test\EBAZ4205\EBAZ4205.sdk\test\bootimage\BOOT.bin
22:34:39 INFO  : Creating new bif file D:\7020test\EBAZ4205\EBAZ4205.sdk\test\bootimage\test.bif
22:34:40 INFO  : Bootgen command execution is done.
00:46:40 INFO  : SDK has detected change in the last modified timestamps for source hardware specification file Source:1547484346762,  Project:1547475407189
00:46:40 INFO  : Project EBAZ4205_wrapper_hw_platform_0's source hardware specification located at D:/7020test/EBAZ4205/EBAZ4205.sdk/EBAZ4205_wrapper.hdf is now different from the local copy.
		 The local copy will be replaced with the source specification and your workspace will be updated.
00:46:42 INFO  : Copied contents of D:/7020test/EBAZ4205/EBAZ4205.sdk/EBAZ4205_wrapper.hdf into \EBAZ4205_wrapper_hw_platform_0\system.hdf.
00:46:47 ERROR : Interrupted exception while waiting for the completion of command '::hsi::utils::openhw C:/Users/Dream/AppData/Local/Temp/system3449623870695424361.hdf'
00:46:47 ERROR : Failed to openhw "C:/Users/Dream/AppData/Local/Temp/system3449623870695424361.hdf"
java.lang.InterruptedException
	at java.lang.Object.wait(Native Method)
	at java.lang.Object.wait(Object.java:502)
	at com.xilinx.sdk.xsdb.XsdbCommandWaitHandler.waitForCompletion(XsdbCommandWaitHandler.java:51)
	at com.xilinx.sdk.xsdb.XSDBCommandManager.issueAndWait(XSDBCommandManager.java:401)
	at com.xilinx.sdk.xsdb.XsdbCommandUtils.executeAndRespond(XsdbCommandUtils.java:307)
	at com.xilinx.sdk.hw.internal.HwPlatform.openHw(HwPlatform.java:367)
	at com.xilinx.sdk.hw.internal.HwPlatform.<init>(HwPlatform.java:354)
	at com.xilinx.sdk.hw.internal.HwSpecFactory.createHwSpec(HwSpecFactory.java:55)
	at com.xilinx.sdk.hw.sync.HwSpecChangeUtil.performChange(HwSpecChangeUtil.java:124)
	at com.xilinx.sdk.hw.sync.HwPlatformMonitor.doMonitorTask(HwPlatformMonitor.java:78)
	at com.xilinx.sdk.hw.sync.HwPlatformMonitor.access$0(HwPlatformMonitor.java:41)
	at com.xilinx.sdk.hw.sync.HwPlatformMonitor$1.run(HwPlatformMonitor.java:33)
	at org.eclipse.swt.widgets.RunnableLock.run(RunnableLock.java:35)
	at org.eclipse.swt.widgets.Synchronizer.runAsyncMessages(Synchronizer.java:182)
	at org.eclipse.swt.widgets.Display.runAsyncMessages(Display.java:4203)
	at org.eclipse.swt.widgets.Display.readAndDispatch(Display.java:3819)
	at org.eclipse.e4.ui.internal.workbench.swt.PartRenderingEngine$4.run(PartRenderingEngine.java:1121)
	at org.eclipse.core.databinding.observable.Realm.runWithDefault(Realm.java:336)
	at org.eclipse.e4.ui.internal.workbench.swt.PartRenderingEngine.run(PartRenderingEngine.java:1022)
	at org.eclipse.e4.ui.internal.workbench.E4Workbench.createAndRunUI(E4Workbench.java:150)
	at org.eclipse.ui.internal.Workbench$5.run(Workbench.java:687)
	at org.eclipse.core.databinding.observable.Realm.runWithDefault(Realm.java:336)
	at org.eclipse.ui.internal.Workbench.createAndRunWorkbench(Workbench.java:604)
	at org.eclipse.ui.PlatformUI.createAndRunWorkbench(PlatformUI.java:148)
	at org.eclipse.ui.internal.ide.application.IDEApplication.start(IDEApplication.java:138)
	at org.eclipse.equinox.internal.app.EclipseAppHandle.run(EclipseAppHandle.java:196)
	at org.eclipse.core.runtime.internal.adaptor.EclipseAppLauncher.runApplication(EclipseAppLauncher.java:134)
	at org.eclipse.core.runtime.internal.adaptor.EclipseAppLauncher.start(EclipseAppLauncher.java:104)
	at org.eclipse.core.runtime.adaptor.EclipseStarter.run(EclipseStarter.java:388)
	at org.eclipse.core.runtime.adaptor.EclipseStarter.run(EclipseStarter.java:243)
	at sun.reflect.NativeMethodAccessorImpl.invoke0(Native Method)
	at sun.reflect.NativeMethodAccessorImpl.invoke(NativeMethodAccessorImpl.java:62)
	at sun.reflect.DelegatingMethodAccessorImpl.invoke(DelegatingMethodAccessorImpl.java:43)
	at java.lang.reflect.Method.invoke(Method.java:498)
	at org.eclipse.equinox.launcher.Main.invokeFramework(Main.java:673)
	at org.eclipse.equinox.launcher.Main.basicRun(Main.java:610)
	at org.eclipse.equinox.launcher.Main.run(Main.java:1519)
00:46:47 INFO  : Synchronizing projects in the workspace with the hardware platform specification changes.
00:47:49 INFO  : Invoking Bootgen: bootgen -image test_lwip.bif -arch zynq -o D:\7020test\EBAZ4205\EBAZ4205.sdk\test_lwip\bootimage\BOOT.bin
00:47:49 INFO  : Creating new bif file D:\7020test\EBAZ4205\EBAZ4205.sdk\test_lwip\bootimage\test_lwip.bif
00:47:50 INFO  : Bootgen command execution is done.
00:49:44 INFO  : Refreshed build settings on project test_lwip
01:09:02 INFO  : Invoking Bootgen: bootgen -image test_lwip.bif -arch zynq -o D:\7020test\EBAZ4205\EBAZ4205.sdk\test_lwip\bootimage\BOOT.bin -w on
01:09:03 INFO  : Bootgen command execution is done.
19:06:47 ERROR : (XSDB Server)ERROR: [Hsi 55-1545] Problem running tcl command ::sw_lwip141_v2_0::lwip_drc : ERROR: lwIP with Sockets requires "xilkernel or freertos" OS
    while executing
"error "ERROR: lwIP with Sockets requires \"xilkernel or freertos\" OS" "" "mdt_error""
    (procedure "lwip_sw_drc" line 10)
    invoked from within
"lwip_sw_drc $l
19:06:47 ERROR : (XSDB Server)ibhandle $emac_names_list"
    (procedure "::sw_lwip141_v2_0::lwip_drc" line 83)
    invoked from within
"::sw_lwip141_v2_0::lwip_drc lwip141"
ERROR: [Hsi 55-1440] Error(s) while running DRCs.
ERROR: [Hsi 55-1450] Error: running generate_bsp.

19:06:47 ERROR : Error generating bsp sources: Failed in generating sources
19:06:47 ERROR : Failed to regenerate sources for BSP project test_lwip_bsp
org.eclipse.core.runtime.CoreException: Internal error occurred while generating bsp sources. Please check the SDK Log view for further details.
	at com.xilinx.sdk.sw.ui.handlers.RegenBspSourcesHandler.internalGenerateBsp(RegenBspSourcesHandler.java:178)
	at com.xilinx.sdk.sw.ui.handlers.RegenBspSourcesHandler.access$2(RegenBspSourcesHandler.java:163)
	at com.xilinx.sdk.sw.ui.handlers.RegenBspSourcesHandler$1$1.run(RegenBspSourcesHandler.java:131)
	at org.eclipse.core.internal.resources.Workspace.run(Workspace.java:2240)
	at org.eclipse.core.internal.resources.Workspace.run(Workspace.java:2267)
	at com.xilinx.sdk.sw.ui.handlers.RegenBspSourcesHandler$1.run(RegenBspSourcesHandler.java:135)
	at org.eclipse.jface.operation.ModalContext$ModalContextThread.run(ModalContext.java:119)
19:06:58 INFO  : Refreshed build settings on project test_lwip
19:07:33 INFO  : No changes in MSS file content so not generating sources.
19:09:36 ERROR : (XSDB Server)ERROR: [Hsi 55-1545] Problem runn
19:09:36 ERROR : (XSDB Server)ing tcl command ::sw_lwip141_v2_0::lwip_drc : ERROR: lwIP with Sockets requires "xilkernel or freertos" OS
    while executing
"error "ERROR: lwIP with Sockets requires \"xilkernel or freertos\" OS" "" "mdt_error""
    (procedure "lwip_sw_drc" line 10)
    invoked from within
"lwip_sw_drc $libhandle $emac_names_list"
    (procedure "::sw_lwip141_v2_0::lwip_drc" line 83)
    invoked from within
"::sw_lwip141_v2_0::lwip_drc lwip141"
ERROR: [Hsi 55-1440] Error(s) while running DRCs.
ER
19:09:36 ERROR : (XSDB Server)ROR: [Hsi 55-1450] Error: running generate_bsp.

19:09:36 ERROR : Error generating bsp sources: Failed in generating sources
19:09:36 ERROR : Failed to regenerate sources for BSP project test_lwip_bsp
org.eclipse.core.runtime.CoreException: Internal error occurred while generating bsp sources. Please check the SDK Log view for further details.
	at com.xilinx.sdk.sw.ui.handlers.RegenBspSourcesHandler.internalGenerateBsp(RegenBspSourcesHandler.java:178)
	at com.xilinx.sdk.sw.ui.handlers.RegenBspSourcesHandler.access$2(RegenBspSourcesHandler.java:163)
	at com.xilinx.sdk.sw.ui.handlers.RegenBspSourcesHandler$1$1.run(RegenBspSourcesHandler.java:131)
	at org.eclipse.core.internal.resources.Workspace.run(Workspace.java:2240)
	at org.eclipse.core.internal.resources.Workspace.run(Workspace.java:2267)
	at com.xilinx.sdk.sw.ui.handlers.RegenBspSourcesHandler$1.run(RegenBspSourcesHandler.java:135)
	at org.eclipse.jface.operation.ModalContext$ModalContextThread.run(ModalContext.java:119)
19:09:40 INFO  : Refreshed build settings on project test_lwip
19:10:33 ERROR : (XSDB Server)ERROR: [Hsi 55-1545] Problem runn
19:10:33 ERROR : (XSDB Server)ing tcl command ::sw_lwip141_v2_0::lwip_drc : ERROR: lwIP with Sockets requires "xilkernel or freertos" OS
    while executing
"error "ERROR: lwIP with Sockets requires \"xilkernel or freertos\" OS" "" "mdt_error""
    (procedure "lwip_sw_drc" line 10)
    invoked from within
"lwip_sw_drc $libhandle $emac_names_list"
    (procedure "::sw_lwip141_v2_0::lwip_drc" line 83)
    invoked from within
"::sw_lwip141_v2_0::lwip_drc lwip141"
ERROR: [Hsi 55-1440] Error(s) while running DRCs.

19:10:33 ERROR : (XSDB Server)ERROR: [Hsi 55-1450] Error: running generate_bsp.

19:10:33 ERROR : Error generating bsp sources: Failed in generating sources
19:10:33 ERROR : Failed to regenerate sources for BSP project test_lwip_bsp
org.eclipse.core.runtime.CoreException: Internal error occurred while generating bsp sources. Please check the SDK Log view for further details.
	at com.xilinx.sdk.sw.ui.handlers.RegenBspSourcesHandler.internalGenerateBsp(RegenBspSourcesHandler.java:178)
	at com.xilinx.sdk.sw.ui.handlers.RegenBspSourcesHandler.access$2(RegenBspSourcesHandler.java:163)
	at com.xilinx.sdk.sw.ui.handlers.RegenBspSourcesHandler$1$1.run(RegenBspSourcesHandler.java:131)
	at org.eclipse.core.internal.resources.Workspace.run(Workspace.java:2240)
	at org.eclipse.core.internal.resources.Workspace.run(Workspace.java:2267)
	at com.xilinx.sdk.sw.ui.handlers.RegenBspSourcesHandler$1.run(RegenBspSourcesHandler.java:135)
	at org.eclipse.jface.operation.ModalContext$ModalContextThread.run(ModalContext.java:119)
19:10:35 INFO  : Refreshed build settings on project test_lwip
19:11:40 INFO  : Registering command handlers for SDK TCF services
19:11:40 INFO  : Launching XSCT server: xsct.bat -interactive D:\7020test\EBAZ4205\EBAZ4205.sdk\temp_xsdb_launch_script.tcl
19:11:42 INFO  : XSCT server has started successfully.
19:11:43 INFO  : Successfully done setting XSCT server connection channel  
19:11:43 INFO  : Successfully done setting SDK workspace  
19:11:43 INFO  : Processing command line option -hwspec D:/7020test/EBAZ4205/EBAZ4205.sdk/EBAZ4205_wrapper.hdf.
19:11:43 INFO  : Checking for hwspec changes in the project EBAZ4205_wrapper_hw_platform_0.
19:17:16 INFO  : Invoking Bootgen: bootgen -image lwip_test.bif -arch zynq -o D:\7020test\EBAZ4205\EBAZ4205.sdk\lwip_test\bootimage\BOOT.bin
19:17:16 INFO  : Creating new bif file D:\7020test\EBAZ4205\EBAZ4205.sdk\lwip_test\bootimage\lwip_test.bif
19:17:17 INFO  : Bootgen command execution is done.
19:19:12 INFO  : Refreshed build settings on project lwip_test
19:20:26 INFO  : Invoking Bootgen: bootgen -image lwip_test.bif -arch zynq -o D:\7020test\EBAZ4205\EBAZ4205.sdk\lwip_test\bootimage\BOOT.bin -w on
19:20:27 INFO  : Bootgen command execution is done.
19:23:32 INFO  : Refreshed build settings on project lwip_test
19:24:23 INFO  : Invoking Bootgen: bootgen -image lwip_test.bif -arch zynq -o D:\7020test\EBAZ4205\EBAZ4205.sdk\lwip_test\bootimage\BOOT.bin -w on
19:24:25 INFO  : Bootgen command execution is done.
19:44:25 INFO  : No changes in MSS file content so not generating sources.
20:00:24 INFO  : No changes in MSS file content so not generating sources.
20:25:40 INFO  : Invoking Bootgen: bootgen -image lwip_test.bif -arch zynq -o D:\7020test\EBAZ4205\EBAZ4205.sdk\lwip_test\bootimage\BOOT.bin -w on
20:25:42 INFO  : Bootgen command execution is done.
20:26:01 INFO  : Refreshed build settings on project lwip_test
20:28:00 INFO  : Invoking Bootgen: bootgen -image lwip_test.bif -arch zynq -o D:\7020test\EBAZ4205\EBAZ4205.sdk\lwip_test\bootimage\BOOT.bin -w on
20:28:01 INFO  : Bootgen command execution is done.
20:41:06 INFO  : Invoking Bootgen: bootgen -image lwip_test.bif -arch zynq -o D:\7020test\EBAZ4205\EBAZ4205.sdk\lwip_test\bootimage\BOOT.bin -w on
20:41:07 INFO  : Bootgen command execution is done.
21:16:02 INFO  : Refreshed build settings on project lwip_test
21:52:28 INFO  : SDK has detected change in the last modified timestamps for source hardware specification file Source:1547560270882,  Project:1547484346762
21:52:28 INFO  : Project EBAZ4205_wrapper_hw_platform_0's source hardware specification located at D:/7020test/EBAZ4205/EBAZ4205.sdk/EBAZ4205_wrapper.hdf is now different from the local copy.
		 The local copy will be replaced with the source specification and your workspace will be updated.
21:52:31 INFO  : Copied contents of D:/7020test/EBAZ4205/EBAZ4205.sdk/EBAZ4205_wrapper.hdf into \EBAZ4205_wrapper_hw_platform_0\system.hdf.
21:52:40 INFO  : Synchronizing projects in the workspace with the hardware platform specification changes.
21:52:42 INFO  : 
21:52:44 INFO  : 
21:52:45 INFO  : 
21:52:46 INFO  : Updating hardware inferred compiler options for fsbl.
21:52:47 INFO  : Updating hardware inferred compiler options for lwip_test.
21:52:48 INFO  : Updating hardware inferred compiler options for test.
21:52:48 INFO  : Clearing existing target manager status.
21:52:48 WARN  : Given IPC port value is invalid. Using default port 2350
21:52:48 WARN  : Given XMD timeout value is invalid. Using default value of 50000
21:52:50 WARN  : Given XMD transaction timeout value is invalid. Using default value of 60000 milli seconds
21:52:50 INFO  : Closing and re-opening the MSS file of ther project fsbl_bsp
22:06:01 INFO  : No changes in MSS file content so not generating sources.
22:06:54 INFO  : Invoking Bootgen: bootgen -image lwip_test.bif -arch zynq -o D:\7020test\EBAZ4205\EBAZ4205.sdk\lwip_test\bootimage\BOOT.bin -w on
22:06:55 INFO  : Bootgen command execution is done.
22:24:25 INFO  : Refreshed build settings on project lwip_test
22:36:47 INFO  : Invoking Bootgen: bootgen -image lwip_test.bif -arch zynq -o D:\7020test\EBAZ4205\EBAZ4205.sdk\lwip_test\bootimage\BOOT.bin -w on
22:36:48 INFO  : Bootgen command execution is done.
22:51:51 INFO  : Invoking Bootgen: bootgen -image lwip_test.bif -arch zynq -o D:\7020test\EBAZ4205\EBAZ4205.sdk\lwip_test\bootimage\BOOT.bin -w on
22:51:52 INFO  : Bootgen command execution is done.
23:08:46 INFO  : Invoking Bootgen: bootgen -image lwip_test.bif -arch zynq -o D:\7020test\EBAZ4205\EBAZ4205.sdk\lwip_test\bootimage\BOOT.bin -w on
23:08:47 INFO  : Bootgen command execution is done.
23:10:32 INFO  : Refreshed build settings on project lwip_test
23:11:37 INFO  : Invoking Bootgen: bootgen -image lwip_test.bif -arch zynq -o D:\7020test\EBAZ4205\EBAZ4205.sdk\lwip_test\bootimage\BOOT.bin -w on
23:11:38 INFO  : Bootgen command execution is done.
19:16:17 INFO  : SDK has detected change in the last modified timestamps for source hardware specification file Source:1547637341748,  Project:1547560270882
19:16:17 INFO  : Project EBAZ4205_wrapper_hw_platform_0's source hardware specification located at D:/7020test/EBAZ4205/EBAZ4205.sdk/EBAZ4205_wrapper.hdf is now different from the local copy.
		 The local copy will be replaced with the source specification and your workspace will be updated.
19:16:19 INFO  : Copied contents of D:/7020test/EBAZ4205/EBAZ4205.sdk/EBAZ4205_wrapper.hdf into \EBAZ4205_wrapper_hw_platform_0\system.hdf.
19:16:20 ERROR : Interrupted exception while waiting for the completion of command '::hsi::utils::openhw C:/Users/Dream/AppData/Local/Temp/system6993726305294946877.hdf'
19:16:20 ERROR : Failed to openhw "C:/Users/Dream/AppData/Local/Temp/system6993726305294946877.hdf"
java.lang.InterruptedException
	at java.lang.Object.wait(Native Method)
	at java.lang.Object.wait(Object.java:502)
	at com.xilinx.sdk.xsdb.XsdbCommandWaitHandler.waitForCompletion(XsdbCommandWaitHandler.java:51)
	at com.xilinx.sdk.xsdb.XSDBCommandManager.issueAndWait(XSDBCommandManager.java:401)
	at com.xilinx.sdk.xsdb.XsdbCommandUtils.executeAndRespond(XsdbCommandUtils.java:307)
	at com.xilinx.sdk.hw.internal.HwPlatform.openHw(HwPlatform.java:367)
	at com.xilinx.sdk.hw.internal.HwPlatform.<init>(HwPlatform.java:354)
	at com.xilinx.sdk.hw.internal.HwSpecFactory.createHwSpec(HwSpecFactory.java:55)
	at com.xilinx.sdk.hw.sync.HwSpecChangeUtil.performChange(HwSpecChangeUtil.java:124)
	at com.xilinx.sdk.hw.sync.HwPlatformMonitor.doMonitorTask(HwPlatformMonitor.java:78)
	at com.xilinx.sdk.hw.sync.HwPlatformMonitor.access$0(HwPlatformMonitor.java:41)
	at com.xilinx.sdk.hw.sync.HwPlatformMonitor$1.run(HwPlatformMonitor.java:33)
	at org.eclipse.swt.widgets.RunnableLock.run(RunnableLock.java:35)
	at org.eclipse.swt.widgets.Synchronizer.runAsyncMessages(Synchronizer.java:182)
	at org.eclipse.swt.widgets.Display.runAsyncMessages(Display.java:4203)
	at org.eclipse.swt.widgets.Display.readAndDispatch(Display.java:3819)
	at org.eclipse.e4.ui.internal.workbench.swt.PartRenderingEngine$4.run(PartRenderingEngine.java:1121)
	at org.eclipse.core.databinding.observable.Realm.runWithDefault(Realm.java:336)
	at org.eclipse.e4.ui.internal.workbench.swt.PartRenderingEngine.run(PartRenderingEngine.java:1022)
	at org.eclipse.e4.ui.internal.workbench.E4Workbench.createAndRunUI(E4Workbench.java:150)
	at org.eclipse.ui.internal.Workbench$5.run(Workbench.java:687)
	at org.eclipse.core.databinding.observable.Realm.runWithDefault(Realm.java:336)
	at org.eclipse.ui.internal.Workbench.createAndRunWorkbench(Workbench.java:604)
	at org.eclipse.ui.PlatformUI.createAndRunWorkbench(PlatformUI.java:148)
	at org.eclipse.ui.internal.ide.application.IDEApplication.start(IDEApplication.java:138)
	at org.eclipse.equinox.internal.app.EclipseAppHandle.run(EclipseAppHandle.java:196)
	at org.eclipse.core.runtime.internal.adaptor.EclipseAppLauncher.runApplication(EclipseAppLauncher.java:134)
	at org.eclipse.core.runtime.internal.adaptor.EclipseAppLauncher.start(EclipseAppLauncher.java:104)
	at org.eclipse.core.runtime.adaptor.EclipseStarter.run(EclipseStarter.java:388)
	at org.eclipse.core.runtime.adaptor.EclipseStarter.run(EclipseStarter.java:243)
	at sun.reflect.NativeMethodAccessorImpl.invoke0(Native Method)
	at sun.reflect.NativeMethodAccessorImpl.invoke(NativeMethodAccessorImpl.java:62)
	at sun.reflect.DelegatingMethodAccessorImpl.invoke(DelegatingMethodAccessorImpl.java:43)
	at java.lang.reflect.Method.invoke(Method.java:498)
	at org.eclipse.equinox.launcher.Main.invokeFramework(Main.java:673)
	at org.eclipse.equinox.launcher.Main.basicRun(Main.java:610)
	at org.eclipse.equinox.launcher.Main.run(Main.java:1519)
19:16:20 INFO  : Synchronizing projects in the workspace with the hardware platform specification changes.
19:18:33 INFO  : Invoking Bootgen: bootgen -image lwip_test.bif -arch zynq -o D:\7020test\EBAZ4205\EBAZ4205.sdk\lwip_test\bootimage\BOOT.bin -w on
19:18:34 INFO  : Bootgen command execution is done.
23:16:51 ERROR : Unexpected error while parsing XMD response ?: com.google.gson.JsonSyntaxException: com.google.gson.stream.MalformedJsonException: invalid number or unquoted string near 
20:40:22 INFO  : Launching XSCT server: xsct.bat -interactive D:\7020test\EBAZ4205\EBAZ4205.sdk\temp_xsdb_launch_script.tcl
20:40:24 INFO  : XSCT server has started successfully.
20:40:24 INFO  : Successfully done setting XSCT server connection channel  
20:40:25 INFO  : Successfully done setting SDK workspace  
20:40:29 INFO  : Registering command handlers for SDK TCF services
20:40:29 INFO  : Processing command line option -hwspec D:/7020test/EBAZ4205/EBAZ4205.sdk/EBAZ4205_wrapper.hdf.
20:40:30 INFO  : Checking for hwspec changes in the project EBAZ4205_wrapper_hw_platform_0.
16:09:07 INFO  : Registering command handlers for SDK TCF services
16:09:08 INFO  : Launching XSCT server: xsct.bat -interactive D:\7020test\EBAZ4205\EBAZ4205.sdk\temp_xsdb_launch_script.tcl
16:09:10 INFO  : XSCT server has started successfully.
16:09:10 INFO  : Successfully done setting XSCT server connection channel  
16:09:10 INFO  : Successfully done setting SDK workspace  
16:09:10 INFO  : Processing command line option -hwspec D:/7020test/EBAZ4205/EBAZ4205.sdk/EBAZ4205_wrapper.hdf.
16:09:10 INFO  : Checking for hwspec changes in the project EBAZ4205_wrapper_hw_platform_0.
16:26:17 INFO  : Connected to target on host '127.0.0.1' and port '3121'.
16:26:18 INFO  : Jtag cable 'Platform Cable USB 00000000000000' is selected.
16:26:18 INFO  : 'jtag frequency' command is executed.
16:26:18 INFO  : Sourcing of 'D:/7020test/EBAZ4205/EBAZ4205.sdk/EBAZ4205_wrapper_hw_platform_0/ps7_init.tcl' is done.
16:26:18 INFO  : 'targets -set -filter {jtag_cable_name =~ "Platform Cable USB 00000000000000" && level==0} -index 1' command is executed.
16:26:22 INFO  : FPGA configured successfully with bitstream "D:/7020test/EBAZ4205/EBAZ4205.sdk/EBAZ4205_wrapper_hw_platform_0/EBAZ4205_wrapper.bit"
16:26:22 INFO  : Context for 'APU' is selected.
16:26:22 INFO  : Hardware design information is loaded from 'D:/7020test/EBAZ4205/EBAZ4205.sdk/EBAZ4205_wrapper_hw_platform_0/system.hdf'.
16:26:22 INFO  : 'configparams force-mem-access 1' command is executed.
16:26:22 INFO  : Context for 'APU' is selected.
16:26:22 INFO  : 'stop' command is executed.
16:26:23 INFO  : 'ps7_init' command is executed.
16:26:23 INFO  : 'ps7_post_config' command is executed.
16:26:23 INFO  : Context for processor 'ps7_cortexa9_0' is selected.
16:26:23 INFO  : Processor reset is completed for 'ps7_cortexa9_0'.
16:26:23 INFO  : Context for processor 'ps7_cortexa9_0' is selected.
16:26:26 INFO  : The application 'D:/7020test/EBAZ4205/EBAZ4205.sdk/lwip_test/Debug/lwip_test.elf' is downloaded to processor 'ps7_cortexa9_0'.
16:26:26 INFO  : 'configparams force-mem-access 0' command is executed.
16:26:26 INFO  : ----------------XSDB Script----------------
connect -url tcp:127.0.0.1:3121
source D:/7020test/EBAZ4205/EBAZ4205.sdk/EBAZ4205_wrapper_hw_platform_0/ps7_init.tcl
targets -set -filter {jtag_cable_name =~ "Platform Cable USB 00000000000000" && level==0} -index 1
fpga -file D:/7020test/EBAZ4205/EBAZ4205.sdk/EBAZ4205_wrapper_hw_platform_0/EBAZ4205_wrapper.bit
targets -set -nocase -filter {name =~"APU*" && jtag_cable_name =~ "Platform Cable USB 00000000000000"} -index 0
loadhw -hw D:/7020test/EBAZ4205/EBAZ4205.sdk/EBAZ4205_wrapper_hw_platform_0/system.hdf -mem-ranges [list {0x40000000 0xbfffffff}]
configparams force-mem-access 1
targets -set -nocase -filter {name =~"APU*" && jtag_cable_name =~ "Platform Cable USB 00000000000000"} -index 0
stop
ps7_init
ps7_post_config
targets -set -nocase -filter {name =~ "ARM*#0" && jtag_cable_name =~ "Platform Cable USB 00000000000000"} -index 0
rst -processor
targets -set -nocase -filter {name =~ "ARM*#0" && jtag_cable_name =~ "Platform Cable USB 00000000000000"} -index 0
dow D:/7020test/EBAZ4205/EBAZ4205.sdk/lwip_test/Debug/lwip_test.elf
configparams force-mem-access 0
----------------End of Script----------------

16:26:26 INFO  : Memory regions updated for context APU
16:26:26 INFO  : Context for processor 'ps7_cortexa9_0' is selected.
16:26:26 INFO  : 'con' command is executed.
16:26:26 INFO  : ----------------XSDB Script (After Launch)----------------
targets -set -nocase -filter {name =~ "ARM*#0" && jtag_cable_name =~ "Platform Cable USB 00000000000000"} -index 0
con
----------------End of Script----------------

16:26:26 INFO  : Launch script is exported to file 'D:\7020test\EBAZ4205\EBAZ4205.sdk\.sdk\launch_scripts\xilinx_c-c++_application_(system_debugger)\system_debugger_using_debug_lwip_test.elf_on_local.tcl'
16:27:36 INFO  : Disconnected from the channel tcfchan#1.
16:27:37 INFO  : Connected to target on host '127.0.0.1' and port '3121'.
16:27:38 INFO  : Jtag cable 'Platform Cable USB 00000000000000' is selected.
16:27:38 INFO  : 'jtag frequency' command is executed.
16:27:38 INFO  : Sourcing of 'D:/7020test/EBAZ4205/EBAZ4205.sdk/EBAZ4205_wrapper_hw_platform_0/ps7_init.tcl' is done.
16:27:38 INFO  : Context for 'APU' is selected.
16:27:38 INFO  : System reset is completed.
16:27:41 INFO  : 'after 3000' command is executed.
16:27:41 INFO  : 'targets -set -filter {jtag_cable_name =~ "Platform Cable USB 00000000000000" && level==0} -index 1' command is executed.
16:27:45 INFO  : FPGA configured successfully with bitstream "D:/7020test/EBAZ4205/EBAZ4205.sdk/EBAZ4205_wrapper_hw_platform_0/EBAZ4205_wrapper.bit"
16:27:45 INFO  : Context for 'APU' is selected.
16:27:47 INFO  : Hardware design information is loaded from 'D:/7020test/EBAZ4205/EBAZ4205.sdk/EBAZ4205_wrapper_hw_platform_0/system.hdf'.
16:27:47 INFO  : 'configparams force-mem-access 1' command is executed.
16:27:47 INFO  : Context for 'APU' is selected.
16:27:47 INFO  : 'ps7_init' command is executed.
16:27:47 INFO  : 'ps7_post_config' command is executed.
16:27:47 INFO  : Context for processor 'ps7_cortexa9_0' is selected.
16:27:50 INFO  : The application 'D:/7020test/EBAZ4205/EBAZ4205.sdk/lwip_test/Debug/lwip_test.elf' is downloaded to processor 'ps7_cortexa9_0'.
16:27:50 INFO  : 'configparams force-mem-access 0' command is executed.
16:27:50 INFO  : ----------------XSDB Script----------------
connect -url tcp:127.0.0.1:3121
source D:/7020test/EBAZ4205/EBAZ4205.sdk/EBAZ4205_wrapper_hw_platform_0/ps7_init.tcl
targets -set -nocase -filter {name =~"APU*" && jtag_cable_name =~ "Platform Cable USB 00000000000000"} -index 0
rst -system
after 3000
targets -set -filter {jtag_cable_name =~ "Platform Cable USB 00000000000000" && level==0} -index 1
fpga -file D:/7020test/EBAZ4205/EBAZ4205.sdk/EBAZ4205_wrapper_hw_platform_0/EBAZ4205_wrapper.bit
targets -set -nocase -filter {name =~"APU*" && jtag_cable_name =~ "Platform Cable USB 00000000000000"} -index 0
loadhw -hw D:/7020test/EBAZ4205/EBAZ4205.sdk/EBAZ4205_wrapper_hw_platform_0/system.hdf -mem-ranges [list {0x40000000 0xbfffffff}]
configparams force-mem-access 1
targets -set -nocase -filter {name =~"APU*" && jtag_cable_name =~ "Platform Cable USB 00000000000000"} -index 0
ps7_init
ps7_post_config
targets -set -nocase -filter {name =~ "ARM*#0" && jtag_cable_name =~ "Platform Cable USB 00000000000000"} -index 0
dow D:/7020test/EBAZ4205/EBAZ4205.sdk/lwip_test/Debug/lwip_test.elf
configparams force-mem-access 0
----------------End of Script----------------

16:27:50 INFO  : Memory regions updated for context APU
16:27:50 INFO  : Context for processor 'ps7_cortexa9_0' is selected.
16:27:50 INFO  : 'con' command is executed.
16:27:50 INFO  : ----------------XSDB Script (After Launch)----------------
targets -set -nocase -filter {name =~ "ARM*#0" && jtag_cable_name =~ "Platform Cable USB 00000000000000"} -index 0
con
----------------End of Script----------------

16:27:50 INFO  : Launch script is exported to file 'D:\7020test\EBAZ4205\EBAZ4205.sdk\.sdk\launch_scripts\xilinx_c-c++_application_(system_debugger)\system_debugger_using_debug_lwip_test.elf_on_local.tcl'
16:30:00 INFO  : Disconnected from the channel tcfchan#2.
23:09:26 INFO  : Registering command handlers for SDK TCF services
23:09:26 INFO  : Launching XSCT server: xsct.bat -interactive D:\7020test\EBAZ4205\EBAZ4205.sdk\temp_xsdb_launch_script.tcl
23:09:28 INFO  : XSCT server has started successfully.
23:09:29 INFO  : Successfully done setting XSCT server connection channel  
23:09:29 INFO  : Successfully done setting SDK workspace  
23:09:29 INFO  : Processing command line option -hwspec D:/7020test/EBAZ4205/EBAZ4205.sdk/EBAZ4205_wrapper.hdf.
23:09:29 INFO  : Checking for hwspec changes in the project EBAZ4205_wrapper_hw_platform_0.
09:50:45 INFO  : SDK has detected change in the last modified timestamps for source hardware specification file Source:1553651272219,  Project:1547637341748
09:50:45 INFO  : Project EBAZ4205_wrapper_hw_platform_0's source hardware specification located at D:/7020test/EBAZ4205/EBAZ4205.sdk/EBAZ4205_wrapper.hdf is now different from the local copy.
		 The local copy will be replaced with the source specification and your workspace will be updated.
09:50:46 INFO  : Copied contents of D:/7020test/EBAZ4205/EBAZ4205.sdk/EBAZ4205_wrapper.hdf into \EBAZ4205_wrapper_hw_platform_0\system.hdf.
09:50:54 INFO  : Synchronizing projects in the workspace with the hardware platform specification changes.
09:50:56 INFO  : 
09:50:58 INFO  : 
09:51:00 INFO  : 
09:51:00 INFO  : Updating hardware inferred compiler options for fsbl.
09:51:01 INFO  : Updating hardware inferred compiler options for lwip_test.
09:51:02 INFO  : Updating hardware inferred compiler options for test.
09:51:02 INFO  : Clearing existing target manager status.
09:51:02 WARN  : Given IPC port value is invalid. Using default port 2350
09:51:02 WARN  : Unable to obtain port 2350 for use by XMD, java.net.SocketException: Unrecognized Windows Sockets error: 0: JVM_Bind
09:51:02 WARN  : Given XMD timeout value is invalid. Using default value of 50000
09:51:04 WARN  : Given XMD transaction timeout value is invalid. Using default value of 60000 milli seconds
10:19:38 INFO  : Example project lwip_test_bsp_xgpiops_intr_example_1 has been created successfully.
10:20:08 INFO  : No changes in MSS file content so not generating sources.
10:42:48 INFO  : Connected to target on host '127.0.0.1' and port '3121'.
10:42:57 INFO  : ----------------XSDB Script----------------
connect -url tcp:127.0.0.1:3121
----------------End of Script----------------

10:43:11 INFO  : 'targets -set -filter {jtag_cable_name =~ "Platform Cable USB 00000000000000" && level==0} -index 1' command is executed.
10:43:11 INFO  : 'fpga -state' command is executed.
10:43:11 INFO  : Connected to target on host '127.0.0.1' and port '3121'.
10:43:11 INFO  : Jtag cable 'Platform Cable USB 00000000000000' is selected.
10:43:11 INFO  : 'jtag frequency' command is executed.
10:43:11 INFO  : Sourcing of 'D:/7020test/EBAZ4205/EBAZ4205.sdk/EBAZ4205_wrapper_hw_platform_0/ps7_init.tcl' is done.
10:43:11 INFO  : Context for 'APU' is selected.
10:43:11 INFO  : Hardware design information is loaded from 'D:/7020test/EBAZ4205/EBAZ4205.sdk/EBAZ4205_wrapper_hw_platform_0/system.hdf'.
10:43:11 INFO  : 'configparams force-mem-access 1' command is executed.
10:43:11 INFO  : Context for 'APU' is selected.
10:43:11 INFO  : 'stop' command is executed.
10:43:12 INFO  : 'ps7_init' command is executed.
10:43:12 INFO  : 'ps7_post_config' command is executed.
10:43:12 INFO  : Context for processor 'ps7_cortexa9_0' is selected.
10:43:12 INFO  : Processor reset is completed for 'ps7_cortexa9_0'.
10:43:12 INFO  : Context for processor 'ps7_cortexa9_0' is selected.
10:43:14 INFO  : The application 'D:/7020test/EBAZ4205/EBAZ4205.sdk/lwip_test_bsp_xgpiops_intr_example_1/Debug/lwip_test_bsp_xgpiops_intr_example_1.elf' is downloaded to processor 'ps7_cortexa9_0'.
10:43:14 INFO  : 'configparams force-mem-access 0' command is executed.
10:43:14 INFO  : ----------------XSDB Script----------------
connect -url tcp:127.0.0.1:3121
source D:/7020test/EBAZ4205/EBAZ4205.sdk/EBAZ4205_wrapper_hw_platform_0/ps7_init.tcl
targets -set -nocase -filter {name =~"APU*" && jtag_cable_name =~ "Platform Cable USB 00000000000000"} -index 0
loadhw -hw D:/7020test/EBAZ4205/EBAZ4205.sdk/EBAZ4205_wrapper_hw_platform_0/system.hdf -mem-ranges [list {0x40000000 0xbfffffff}]
configparams force-mem-access 1
targets -set -nocase -filter {name =~"APU*" && jtag_cable_name =~ "Platform Cable USB 00000000000000"} -index 0
stop
ps7_init
ps7_post_config
targets -set -nocase -filter {name =~ "ARM*#0" && jtag_cable_name =~ "Platform Cable USB 00000000000000"} -index 0
rst -processor
targets -set -nocase -filter {name =~ "ARM*#0" && jtag_cable_name =~ "Platform Cable USB 00000000000000"} -index 0
dow D:/7020test/EBAZ4205/EBAZ4205.sdk/lwip_test_bsp_xgpiops_intr_example_1/Debug/lwip_test_bsp_xgpiops_intr_example_1.elf
configparams force-mem-access 0
----------------End of Script----------------

10:43:14 INFO  : Memory regions updated for context APU
10:43:14 INFO  : Context for processor 'ps7_cortexa9_0' is selected.
10:43:14 INFO  : 'con' command is executed.
10:43:14 INFO  : ----------------XSDB Script (After Launch)----------------
targets -set -nocase -filter {name =~ "ARM*#0" && jtag_cable_name =~ "Platform Cable USB 00000000000000"} -index 0
con
----------------End of Script----------------

10:43:14 INFO  : Launch script is exported to file 'D:\7020test\EBAZ4205\EBAZ4205.sdk\.sdk\launch_scripts\xilinx_c-c++_application_(system_debugger)\system_debugger_using_debug_lwip_test_bsp_xgpiops_intr_example_1.elf_on_local.tcl'
10:45:38 INFO  : Disconnected from the channel tcfchan#1.
10:45:40 INFO  : 'targets -set -filter {jtag_cable_name =~ "Platform Cable USB 00000000000000" && level==0} -index 1' command is executed.
10:45:40 INFO  : 'fpga -state' command is executed.
10:45:40 INFO  : Connected to target on host '127.0.0.1' and port '3121'.
10:45:40 INFO  : Jtag cable 'Platform Cable USB 00000000000000' is selected.
10:45:40 INFO  : 'jtag frequency' command is executed.
10:45:40 INFO  : Sourcing of 'D:/7020test/EBAZ4205/EBAZ4205.sdk/EBAZ4205_wrapper_hw_platform_0/ps7_init.tcl' is done.
10:45:40 INFO  : Context for 'APU' is selected.
10:45:41 INFO  : Hardware design information is loaded from 'D:/7020test/EBAZ4205/EBAZ4205.sdk/EBAZ4205_wrapper_hw_platform_0/system.hdf'.
10:45:41 INFO  : 'configparams force-mem-access 1' command is executed.
10:45:41 INFO  : Context for 'APU' is selected.
10:45:41 INFO  : 'stop' command is executed.
10:45:42 INFO  : 'ps7_init' command is executed.
10:45:42 INFO  : 'ps7_post_config' command is executed.
10:45:42 INFO  : Context for processor 'ps7_cortexa9_0' is selected.
10:45:42 INFO  : Processor reset is completed for 'ps7_cortexa9_0'.
10:45:42 INFO  : Context for processor 'ps7_cortexa9_0' is selected.
10:45:44 INFO  : The application 'D:/7020test/EBAZ4205/EBAZ4205.sdk/lwip_test_bsp_xgpiops_intr_example_1/Debug/lwip_test_bsp_xgpiops_intr_example_1.elf' is downloaded to processor 'ps7_cortexa9_0'.
10:45:44 INFO  : 'configparams force-mem-access 0' command is executed.
10:45:44 INFO  : ----------------XSDB Script----------------
connect -url tcp:127.0.0.1:3121
source D:/7020test/EBAZ4205/EBAZ4205.sdk/EBAZ4205_wrapper_hw_platform_0/ps7_init.tcl
targets -set -nocase -filter {name =~"APU*" && jtag_cable_name =~ "Platform Cable USB 00000000000000"} -index 0
loadhw -hw D:/7020test/EBAZ4205/EBAZ4205.sdk/EBAZ4205_wrapper_hw_platform_0/system.hdf -mem-ranges [list {0x40000000 0xbfffffff}]
configparams force-mem-access 1
targets -set -nocase -filter {name =~"APU*" && jtag_cable_name =~ "Platform Cable USB 00000000000000"} -index 0
stop
ps7_init
ps7_post_config
targets -set -nocase -filter {name =~ "ARM*#0" && jtag_cable_name =~ "Platform Cable USB 00000000000000"} -index 0
rst -processor
targets -set -nocase -filter {name =~ "ARM*#0" && jtag_cable_name =~ "Platform Cable USB 00000000000000"} -index 0
dow D:/7020test/EBAZ4205/EBAZ4205.sdk/lwip_test_bsp_xgpiops_intr_example_1/Debug/lwip_test_bsp_xgpiops_intr_example_1.elf
configparams force-mem-access 0
----------------End of Script----------------

10:45:44 INFO  : Memory regions updated for context APU
10:45:44 INFO  : Context for processor 'ps7_cortexa9_0' is selected.
10:45:44 INFO  : 'con' command is executed.
10:45:44 INFO  : ----------------XSDB Script (After Launch)----------------
targets -set -nocase -filter {name =~ "ARM*#0" && jtag_cable_name =~ "Platform Cable USB 00000000000000"} -index 0
con
----------------End of Script----------------

10:45:44 INFO  : Launch script is exported to file 'D:\7020test\EBAZ4205\EBAZ4205.sdk\.sdk\launch_scripts\xilinx_c-c++_application_(system_debugger)\system_debugger_using_debug_lwip_test_bsp_xgpiops_intr_example_1.elf_on_local.tcl'
10:46:28 INFO  : Disconnected from the channel tcfchan#2.
10:46:29 INFO  : Connected to target on host '127.0.0.1' and port '3121'.
10:46:29 INFO  : Jtag cable 'Platform Cable USB 00000000000000' is selected.
10:46:29 INFO  : 'jtag frequency' command is executed.
10:46:29 INFO  : Sourcing of 'D:/7020test/EBAZ4205/EBAZ4205.sdk/EBAZ4205_wrapper_hw_platform_0/ps7_init.tcl' is done.
10:46:29 INFO  : Context for 'APU' is selected.
10:46:29 INFO  : System reset is completed.
10:46:32 INFO  : 'after 3000' command is executed.
10:46:32 INFO  : 'targets -set -filter {jtag_cable_name =~ "Platform Cable USB 00000000000000" && level==0} -index 1' command is executed.
10:46:37 INFO  : FPGA configured successfully with bitstream "D:/7020test/EBAZ4205/EBAZ4205.sdk/EBAZ4205_wrapper_hw_platform_0/EBAZ4205_wrapper.bit"
10:46:37 INFO  : Context for 'APU' is selected.
10:46:37 INFO  : Hardware design information is loaded from 'D:/7020test/EBAZ4205/EBAZ4205.sdk/EBAZ4205_wrapper_hw_platform_0/system.hdf'.
10:46:37 INFO  : 'configparams force-mem-access 1' command is executed.
10:46:37 INFO  : Context for 'APU' is selected.
10:46:38 INFO  : 'ps7_init' command is executed.
10:46:38 INFO  : 'ps7_post_config' command is executed.
10:46:38 INFO  : Context for processor 'ps7_cortexa9_0' is selected.
10:46:39 INFO  : The application 'D:/7020test/EBAZ4205/EBAZ4205.sdk/lwip_test_bsp_xgpiops_intr_example_1/Debug/lwip_test_bsp_xgpiops_intr_example_1.elf' is downloaded to processor 'ps7_cortexa9_0'.
10:46:39 INFO  : 'configparams force-mem-access 0' command is executed.
10:46:39 INFO  : ----------------XSDB Script----------------
connect -url tcp:127.0.0.1:3121
source D:/7020test/EBAZ4205/EBAZ4205.sdk/EBAZ4205_wrapper_hw_platform_0/ps7_init.tcl
targets -set -nocase -filter {name =~"APU*" && jtag_cable_name =~ "Platform Cable USB 00000000000000"} -index 0
rst -system
after 3000
targets -set -filter {jtag_cable_name =~ "Platform Cable USB 00000000000000" && level==0} -index 1
fpga -file D:/7020test/EBAZ4205/EBAZ4205.sdk/EBAZ4205_wrapper_hw_platform_0/EBAZ4205_wrapper.bit
targets -set -nocase -filter {name =~"APU*" && jtag_cable_name =~ "Platform Cable USB 00000000000000"} -index 0
loadhw -hw D:/7020test/EBAZ4205/EBAZ4205.sdk/EBAZ4205_wrapper_hw_platform_0/system.hdf -mem-ranges [list {0x40000000 0xbfffffff}]
configparams force-mem-access 1
targets -set -nocase -filter {name =~"APU*" && jtag_cable_name =~ "Platform Cable USB 00000000000000"} -index 0
ps7_init
ps7_post_config
targets -set -nocase -filter {name =~ "ARM*#0" && jtag_cable_name =~ "Platform Cable USB 00000000000000"} -index 0
dow D:/7020test/EBAZ4205/EBAZ4205.sdk/lwip_test_bsp_xgpiops_intr_example_1/Debug/lwip_test_bsp_xgpiops_intr_example_1.elf
configparams force-mem-access 0
----------------End of Script----------------

10:46:39 INFO  : Memory regions updated for context APU
10:46:39 INFO  : Context for processor 'ps7_cortexa9_0' is selected.
10:46:40 INFO  : 'con' command is executed.
10:46:40 INFO  : ----------------XSDB Script (After Launch)----------------
targets -set -nocase -filter {name =~ "ARM*#0" && jtag_cable_name =~ "Platform Cable USB 00000000000000"} -index 0
con
----------------End of Script----------------

10:46:40 INFO  : Launch script is exported to file 'D:\7020test\EBAZ4205\EBAZ4205.sdk\.sdk\launch_scripts\xilinx_c-c++_application_(system_debugger)\system_debugger_using_debug_lwip_test_bsp_xgpiops_intr_example_1.elf_on_local.tcl'
10:51:33 INFO  : Disconnected from the channel tcfchan#3.
10:51:34 INFO  : Connected to target on host '127.0.0.1' and port '3121'.
10:51:34 INFO  : Jtag cable 'Platform Cable USB 00000000000000' is selected.
10:51:34 INFO  : 'jtag frequency' command is executed.
10:51:34 INFO  : Sourcing of 'D:/7020test/EBAZ4205/EBAZ4205.sdk/EBAZ4205_wrapper_hw_platform_0/ps7_init.tcl' is done.
10:51:34 INFO  : Context for 'APU' is selected.
10:51:35 INFO  : System reset is completed.
10:51:38 INFO  : 'after 3000' command is executed.
10:51:38 INFO  : 'targets -set -filter {jtag_cable_name =~ "Platform Cable USB 00000000000000" && level==0} -index 1' command is executed.
10:51:42 INFO  : FPGA configured successfully with bitstream "D:/7020test/EBAZ4205/EBAZ4205.sdk/EBAZ4205_wrapper_hw_platform_0/EBAZ4205_wrapper.bit"
10:51:42 INFO  : Context for 'APU' is selected.
10:51:42 INFO  : Hardware design information is loaded from 'D:/7020test/EBAZ4205/EBAZ4205.sdk/EBAZ4205_wrapper_hw_platform_0/system.hdf'.
10:51:42 INFO  : 'configparams force-mem-access 1' command is executed.
10:51:42 INFO  : Context for 'APU' is selected.
10:51:43 INFO  : 'ps7_init' command is executed.
10:51:43 INFO  : 'ps7_post_config' command is executed.
10:51:43 INFO  : Context for processor 'ps7_cortexa9_0' is selected.
10:51:45 INFO  : The application 'D:/7020test/EBAZ4205/EBAZ4205.sdk/lwip_test_bsp_xgpiops_intr_example_1/Debug/lwip_test_bsp_xgpiops_intr_example_1.elf' is downloaded to processor 'ps7_cortexa9_0'.
10:51:45 INFO  : 'configparams force-mem-access 0' command is executed.
10:51:45 INFO  : ----------------XSDB Script----------------
connect -url tcp:127.0.0.1:3121
source D:/7020test/EBAZ4205/EBAZ4205.sdk/EBAZ4205_wrapper_hw_platform_0/ps7_init.tcl
targets -set -nocase -filter {name =~"APU*" && jtag_cable_name =~ "Platform Cable USB 00000000000000"} -index 0
rst -system
after 3000
targets -set -filter {jtag_cable_name =~ "Platform Cable USB 00000000000000" && level==0} -index 1
fpga -file D:/7020test/EBAZ4205/EBAZ4205.sdk/EBAZ4205_wrapper_hw_platform_0/EBAZ4205_wrapper.bit
targets -set -nocase -filter {name =~"APU*" && jtag_cable_name =~ "Platform Cable USB 00000000000000"} -index 0
loadhw -hw D:/7020test/EBAZ4205/EBAZ4205.sdk/EBAZ4205_wrapper_hw_platform_0/system.hdf -mem-ranges [list {0x40000000 0xbfffffff}]
configparams force-mem-access 1
targets -set -nocase -filter {name =~"APU*" && jtag_cable_name =~ "Platform Cable USB 00000000000000"} -index 0
ps7_init
ps7_post_config
targets -set -nocase -filter {name =~ "ARM*#0" && jtag_cable_name =~ "Platform Cable USB 00000000000000"} -index 0
dow D:/7020test/EBAZ4205/EBAZ4205.sdk/lwip_test_bsp_xgpiops_intr_example_1/Debug/lwip_test_bsp_xgpiops_intr_example_1.elf
configparams force-mem-access 0
----------------End of Script----------------

10:51:45 INFO  : Memory regions updated for context APU
10:51:45 INFO  : Context for processor 'ps7_cortexa9_0' is selected.
10:51:45 INFO  : 'con' command is executed.
10:51:45 INFO  : ----------------XSDB Script (After Launch)----------------
targets -set -nocase -filter {name =~ "ARM*#0" && jtag_cable_name =~ "Platform Cable USB 00000000000000"} -index 0
con
----------------End of Script----------------

10:51:45 INFO  : Launch script is exported to file 'D:\7020test\EBAZ4205\EBAZ4205.sdk\.sdk\launch_scripts\xilinx_c-c++_application_(system_debugger)\system_debugger_using_debug_lwip_test_bsp_xgpiops_intr_example_1.elf_on_local.tcl'
10:56:17 INFO  : Disconnected from the channel tcfchan#4.
10:58:14 INFO  : Connected to target on host '127.0.0.1' and port '3121'.
10:58:23 INFO  : ----------------XSDB Script----------------
connect -url tcp:127.0.0.1:3121
----------------End of Script----------------

10:58:51 INFO  : Connected to target on host '127.0.0.1' and port '3121'.
10:58:51 INFO  : Jtag cable 'Platform Cable USB 00000000000000' is selected.
10:58:51 INFO  : 'jtag frequency' command is executed.
10:58:51 INFO  : Sourcing of 'D:/7020test/EBAZ4205/EBAZ4205.sdk/EBAZ4205_wrapper_hw_platform_0/ps7_init.tcl' is done.
10:58:51 INFO  : Context for 'APU' is selected.
10:58:51 INFO  : System reset is completed.
10:58:54 INFO  : 'after 3000' command is executed.
10:58:54 INFO  : 'targets -set -filter {jtag_cable_name =~ "Platform Cable USB 00000000000000" && level==0} -index 1' command is executed.
10:58:59 INFO  : FPGA configured successfully with bitstream "D:/7020test/EBAZ4205/EBAZ4205.sdk/EBAZ4205_wrapper_hw_platform_0/EBAZ4205_wrapper.bit"
10:58:59 INFO  : Context for 'APU' is selected.
10:58:59 INFO  : Hardware design information is loaded from 'D:/7020test/EBAZ4205/EBAZ4205.sdk/EBAZ4205_wrapper_hw_platform_0/system.hdf'.
10:58:59 INFO  : 'configparams force-mem-access 1' command is executed.
10:58:59 INFO  : Context for 'APU' is selected.
10:59:00 INFO  : 'ps7_init' command is executed.
10:59:00 INFO  : 'ps7_post_config' command is executed.
10:59:00 INFO  : Context for processor 'ps7_cortexa9_0' is selected.
10:59:01 INFO  : The application 'D:/7020test/EBAZ4205/EBAZ4205.sdk/lwip_test_bsp_xgpiops_intr_example_1/Debug/lwip_test_bsp_xgpiops_intr_example_1.elf' is downloaded to processor 'ps7_cortexa9_0'.
10:59:01 INFO  : 'configparams force-mem-access 0' command is executed.
10:59:01 INFO  : ----------------XSDB Script----------------
connect -url tcp:127.0.0.1:3121
source D:/7020test/EBAZ4205/EBAZ4205.sdk/EBAZ4205_wrapper_hw_platform_0/ps7_init.tcl
targets -set -nocase -filter {name =~"APU*" && jtag_cable_name =~ "Platform Cable USB 00000000000000"} -index 0
rst -system
after 3000
targets -set -filter {jtag_cable_name =~ "Platform Cable USB 00000000000000" && level==0} -index 1
fpga -file D:/7020test/EBAZ4205/EBAZ4205.sdk/EBAZ4205_wrapper_hw_platform_0/EBAZ4205_wrapper.bit
targets -set -nocase -filter {name =~"APU*" && jtag_cable_name =~ "Platform Cable USB 00000000000000"} -index 0
loadhw -hw D:/7020test/EBAZ4205/EBAZ4205.sdk/EBAZ4205_wrapper_hw_platform_0/system.hdf -mem-ranges [list {0x40000000 0xbfffffff}]
configparams force-mem-access 1
targets -set -nocase -filter {name =~"APU*" && jtag_cable_name =~ "Platform Cable USB 00000000000000"} -index 0
ps7_init
ps7_post_config
targets -set -nocase -filter {name =~ "ARM*#0" && jtag_cable_name =~ "Platform Cable USB 00000000000000"} -index 0
dow D:/7020test/EBAZ4205/EBAZ4205.sdk/lwip_test_bsp_xgpiops_intr_example_1/Debug/lwip_test_bsp_xgpiops_intr_example_1.elf
configparams force-mem-access 0
----------------End of Script----------------

10:59:01 INFO  : Memory regions updated for context APU
10:59:01 INFO  : Context for processor 'ps7_cortexa9_0' is selected.
10:59:01 INFO  : 'con' command is executed.
10:59:01 INFO  : ----------------XSDB Script (After Launch)----------------
targets -set -nocase -filter {name =~ "ARM*#0" && jtag_cable_name =~ "Platform Cable USB 00000000000000"} -index 0
con
----------------End of Script----------------

10:59:01 INFO  : Launch script is exported to file 'D:\7020test\EBAZ4205\EBAZ4205.sdk\.sdk\launch_scripts\xilinx_c-c++_application_(system_debugger)\system_debugger_using_debug_lwip_test_bsp_xgpiops_intr_example_1.elf_on_local.tcl'
11:06:59 INFO  : Disconnected from the channel tcfchan#5.
11:07:00 INFO  : Connected to target on host '127.0.0.1' and port '3121'.
11:07:01 INFO  : Jtag cable 'Platform Cable USB 00000000000000' is selected.
11:07:01 INFO  : 'jtag frequency' command is executed.
11:07:01 INFO  : Sourcing of 'D:/7020test/EBAZ4205/EBAZ4205.sdk/EBAZ4205_wrapper_hw_platform_0/ps7_init.tcl' is done.
11:07:01 INFO  : Context for 'APU' is selected.
11:07:01 INFO  : System reset is completed.
11:07:04 INFO  : 'after 3000' command is executed.
11:07:04 INFO  : 'targets -set -filter {jtag_cable_name =~ "Platform Cable USB 00000000000000" && level==0} -index 1' command is executed.
11:07:09 INFO  : FPGA configured successfully with bitstream "D:/7020test/EBAZ4205/EBAZ4205.sdk/EBAZ4205_wrapper_hw_platform_0/EBAZ4205_wrapper.bit"
11:07:09 INFO  : Context for 'APU' is selected.
11:07:09 INFO  : Hardware design information is loaded from 'D:/7020test/EBAZ4205/EBAZ4205.sdk/EBAZ4205_wrapper_hw_platform_0/system.hdf'.
11:07:09 INFO  : 'configparams force-mem-access 1' command is executed.
11:07:09 INFO  : Context for 'APU' is selected.
11:07:10 INFO  : 'ps7_init' command is executed.
11:07:10 INFO  : 'ps7_post_config' command is executed.
11:07:10 INFO  : Context for processor 'ps7_cortexa9_0' is selected.
11:07:11 INFO  : The application 'D:/7020test/EBAZ4205/EBAZ4205.sdk/lwip_test_bsp_xgpiops_intr_example_1/Debug/lwip_test_bsp_xgpiops_intr_example_1.elf' is downloaded to processor 'ps7_cortexa9_0'.
11:07:11 INFO  : 'configparams force-mem-access 0' command is executed.
11:07:11 INFO  : ----------------XSDB Script----------------
connect -url tcp:127.0.0.1:3121
source D:/7020test/EBAZ4205/EBAZ4205.sdk/EBAZ4205_wrapper_hw_platform_0/ps7_init.tcl
targets -set -nocase -filter {name =~"APU*" && jtag_cable_name =~ "Platform Cable USB 00000000000000"} -index 0
rst -system
after 3000
targets -set -filter {jtag_cable_name =~ "Platform Cable USB 00000000000000" && level==0} -index 1
fpga -file D:/7020test/EBAZ4205/EBAZ4205.sdk/EBAZ4205_wrapper_hw_platform_0/EBAZ4205_wrapper.bit
targets -set -nocase -filter {name =~"APU*" && jtag_cable_name =~ "Platform Cable USB 00000000000000"} -index 0
loadhw -hw D:/7020test/EBAZ4205/EBAZ4205.sdk/EBAZ4205_wrapper_hw_platform_0/system.hdf -mem-ranges [list {0x40000000 0xbfffffff}]
configparams force-mem-access 1
targets -set -nocase -filter {name =~"APU*" && jtag_cable_name =~ "Platform Cable USB 00000000000000"} -index 0
ps7_init
ps7_post_config
targets -set -nocase -filter {name =~ "ARM*#0" && jtag_cable_name =~ "Platform Cable USB 00000000000000"} -index 0
dow D:/7020test/EBAZ4205/EBAZ4205.sdk/lwip_test_bsp_xgpiops_intr_example_1/Debug/lwip_test_bsp_xgpiops_intr_example_1.elf
configparams force-mem-access 0
----------------End of Script----------------

11:07:11 INFO  : Memory regions updated for context APU
11:07:11 INFO  : Context for processor 'ps7_cortexa9_0' is selected.
11:07:11 INFO  : 'con' command is executed.
11:07:11 INFO  : ----------------XSDB Script (After Launch)----------------
targets -set -nocase -filter {name =~ "ARM*#0" && jtag_cable_name =~ "Platform Cable USB 00000000000000"} -index 0
con
----------------End of Script----------------

11:07:11 INFO  : Launch script is exported to file 'D:\7020test\EBAZ4205\EBAZ4205.sdk\.sdk\launch_scripts\xilinx_c-c++_application_(system_debugger)\system_debugger_using_debug_lwip_test_bsp_xgpiops_intr_example_1.elf_on_local.tcl'
11:17:10 INFO  : Disconnected from the channel tcfchan#6.
11:17:11 INFO  : Connected to target on host '127.0.0.1' and port '3121'.
11:17:11 INFO  : Jtag cable 'Platform Cable USB 00000000000000' is selected.
11:17:11 INFO  : 'jtag frequency' command is executed.
11:17:11 INFO  : Sourcing of 'D:/7020test/EBAZ4205/EBAZ4205.sdk/EBAZ4205_wrapper_hw_platform_0/ps7_init.tcl' is done.
11:17:11 INFO  : Context for 'APU' is selected.
11:17:12 INFO  : System reset is completed.
11:17:15 INFO  : 'after 3000' command is executed.
11:17:15 INFO  : 'targets -set -filter {jtag_cable_name =~ "Platform Cable USB 00000000000000" && level==0} -index 1' command is executed.
11:17:19 INFO  : FPGA configured successfully with bitstream "D:/7020test/EBAZ4205/EBAZ4205.sdk/EBAZ4205_wrapper_hw_platform_0/EBAZ4205_wrapper.bit"
11:17:19 INFO  : Context for 'APU' is selected.
11:17:19 INFO  : Hardware design information is loaded from 'D:/7020test/EBAZ4205/EBAZ4205.sdk/EBAZ4205_wrapper_hw_platform_0/system.hdf'.
11:17:19 INFO  : 'configparams force-mem-access 1' command is executed.
11:17:19 INFO  : Context for 'APU' is selected.
11:17:20 INFO  : 'ps7_init' command is executed.
11:17:20 INFO  : 'ps7_post_config' command is executed.
11:17:20 INFO  : Context for processor 'ps7_cortexa9_0' is selected.
11:17:22 INFO  : The application 'D:/7020test/EBAZ4205/EBAZ4205.sdk/lwip_test_bsp_xgpiops_intr_example_1/Debug/lwip_test_bsp_xgpiops_intr_example_1.elf' is downloaded to processor 'ps7_cortexa9_0'.
11:17:22 INFO  : 'configparams force-mem-access 0' command is executed.
11:17:22 INFO  : ----------------XSDB Script----------------
connect -url tcp:127.0.0.1:3121
source D:/7020test/EBAZ4205/EBAZ4205.sdk/EBAZ4205_wrapper_hw_platform_0/ps7_init.tcl
targets -set -nocase -filter {name =~"APU*" && jtag_cable_name =~ "Platform Cable USB 00000000000000"} -index 0
rst -system
after 3000
targets -set -filter {jtag_cable_name =~ "Platform Cable USB 00000000000000" && level==0} -index 1
fpga -file D:/7020test/EBAZ4205/EBAZ4205.sdk/EBAZ4205_wrapper_hw_platform_0/EBAZ4205_wrapper.bit
targets -set -nocase -filter {name =~"APU*" && jtag_cable_name =~ "Platform Cable USB 00000000000000"} -index 0
loadhw -hw D:/7020test/EBAZ4205/EBAZ4205.sdk/EBAZ4205_wrapper_hw_platform_0/system.hdf -mem-ranges [list {0x40000000 0xbfffffff}]
configparams force-mem-access 1
targets -set -nocase -filter {name =~"APU*" && jtag_cable_name =~ "Platform Cable USB 00000000000000"} -index 0
ps7_init
ps7_post_config
targets -set -nocase -filter {name =~ "ARM*#0" && jtag_cable_name =~ "Platform Cable USB 00000000000000"} -index 0
dow D:/7020test/EBAZ4205/EBAZ4205.sdk/lwip_test_bsp_xgpiops_intr_example_1/Debug/lwip_test_bsp_xgpiops_intr_example_1.elf
configparams force-mem-access 0
----------------End of Script----------------

11:17:22 INFO  : Memory regions updated for context APU
11:17:22 INFO  : Context for processor 'ps7_cortexa9_0' is selected.
11:17:22 INFO  : 'con' command is executed.
11:17:22 INFO  : ----------------XSDB Script (After Launch)----------------
targets -set -nocase -filter {name =~ "ARM*#0" && jtag_cable_name =~ "Platform Cable USB 00000000000000"} -index 0
con
----------------End of Script----------------

11:17:22 INFO  : Launch script is exported to file 'D:\7020test\EBAZ4205\EBAZ4205.sdk\.sdk\launch_scripts\xilinx_c-c++_application_(system_debugger)\system_debugger_using_debug_lwip_test_bsp_xgpiops_intr_example_1.elf_on_local.tcl'
11:29:04 INFO  : Example project lwip_test_bsp_xgpiops_polled_example_1 has been created successfully.
11:53:56 INFO  : 'targets -set -filter {jtag_cable_name =~ "Platform Cable USB 00000000000000" && level==0} -index 1' command is executed.
11:53:56 INFO  : 'fpga -state' command is executed.
11:53:56 INFO  : Connected to target on host '127.0.0.1' and port '3121'.
11:53:56 INFO  : Jtag cable 'Platform Cable USB 00000000000000' is selected.
11:53:56 INFO  : 'jtag frequency' command is executed.
11:53:56 INFO  : Sourcing of 'D:/7020test/EBAZ4205/EBAZ4205.sdk/EBAZ4205_wrapper_hw_platform_0/ps7_init.tcl' is done.
11:53:56 INFO  : Context for 'APU' is selected.
11:53:56 INFO  : Hardware design information is loaded from 'D:/7020test/EBAZ4205/EBAZ4205.sdk/EBAZ4205_wrapper_hw_platform_0/system.hdf'.
11:53:56 INFO  : 'configparams force-mem-access 1' command is executed.
11:53:56 INFO  : Context for 'APU' is selected.
11:53:56 INFO  : 'stop' command is executed.
11:53:57 INFO  : 'ps7_init' command is executed.
11:53:57 INFO  : 'ps7_post_config' command is executed.
11:53:57 INFO  : Context for processor 'ps7_cortexa9_0' is selected.
11:53:57 INFO  : Processor reset is completed for 'ps7_cortexa9_0'.
11:53:57 INFO  : Context for processor 'ps7_cortexa9_0' is selected.
11:54:00 INFO  : The application 'D:/7020test/EBAZ4205/EBAZ4205.sdk/lwip_test/Debug/lwip_test.elf' is downloaded to processor 'ps7_cortexa9_0'.
11:54:00 INFO  : 'configparams force-mem-access 0' command is executed.
11:54:00 INFO  : ----------------XSDB Script----------------
connect -url tcp:127.0.0.1:3121
source D:/7020test/EBAZ4205/EBAZ4205.sdk/EBAZ4205_wrapper_hw_platform_0/ps7_init.tcl
targets -set -nocase -filter {name =~"APU*" && jtag_cable_name =~ "Platform Cable USB 00000000000000"} -index 0
loadhw -hw D:/7020test/EBAZ4205/EBAZ4205.sdk/EBAZ4205_wrapper_hw_platform_0/system.hdf -mem-ranges [list {0x40000000 0xbfffffff}]
configparams force-mem-access 1
targets -set -nocase -filter {name =~"APU*" && jtag_cable_name =~ "Platform Cable USB 00000000000000"} -index 0
stop
ps7_init
ps7_post_config
targets -set -nocase -filter {name =~ "ARM*#0" && jtag_cable_name =~ "Platform Cable USB 00000000000000"} -index 0
rst -processor
targets -set -nocase -filter {name =~ "ARM*#0" && jtag_cable_name =~ "Platform Cable USB 00000000000000"} -index 0
dow D:/7020test/EBAZ4205/EBAZ4205.sdk/lwip_test/Debug/lwip_test.elf
configparams force-mem-access 0
----------------End of Script----------------

11:54:00 INFO  : Memory regions updated for context APU
11:54:00 INFO  : Context for processor 'ps7_cortexa9_0' is selected.
11:54:00 INFO  : 'con' command is executed.
11:54:00 INFO  : ----------------XSDB Script (After Launch)----------------
targets -set -nocase -filter {name =~ "ARM*#0" && jtag_cable_name =~ "Platform Cable USB 00000000000000"} -index 0
con
----------------End of Script----------------

11:54:00 INFO  : Launch script is exported to file 'D:\7020test\EBAZ4205\EBAZ4205.sdk\.sdk\launch_scripts\performance_analysis\performance_analysis_using_debug_lwip_test.elf_on_local.tcl'
11:54:00 INFO  : Apm configuration has been updated and stored to 'D:\7020test\EBAZ4205\EBAZ4205.sdk\EBAZ4205_wrapper_hw_platform_0\apmconfigs\apm_default.json' for the project 'EBAZ4205_wrapper_hw_platform_0'
11:54:03 INFO  : Performance data for 'PS' will be exported to the file 'D:\7020test\EBAZ4205\EBAZ4205.sdk\EBAZ4205_wrapper_hw_platform_0_Traces\Traces\Run_-27_11-54\PS_Trace_-27_11-54\trace'
11:54:03 INFO  : Created tracing project 'EBAZ4205_wrapper_hw_platform_0_Traces'
11:54:03 INFO  : Added tracing folder 'D:\7020test\EBAZ4205\EBAZ4205.sdk\EBAZ4205_wrapper_hw_platform_0_Traces\Traces\Run_-27_11-54\PS_Trace_-27_11-54' into  'EBAZ4205_wrapper_hw_platform_0_Traces'
11:54:03 INFO  : Attempting to open tracing file 'PS_Trace_-27_11-54'
11:54:16 INFO  : Disconnected from the channel tcfchan#7.
11:54:17 INFO  : Connected to target on host '127.0.0.1' and port '3121'.
11:54:18 INFO  : Jtag cable 'Platform Cable USB 00000000000000' is selected.
11:54:18 INFO  : 'jtag frequency' command is executed.
11:54:18 INFO  : Sourcing of 'D:/7020test/EBAZ4205/EBAZ4205.sdk/EBAZ4205_wrapper_hw_platform_0/ps7_init.tcl' is done.
11:54:18 INFO  : Context for 'APU' is selected.
11:54:18 INFO  : System reset is completed.
11:54:21 INFO  : 'after 3000' command is executed.
11:54:22 INFO  : 'targets -set -filter {jtag_cable_name =~ "Platform Cable USB 00000000000000" && level==0} -index 1' command is executed.
11:54:27 INFO  : FPGA configured successfully with bitstream "D:/7020test/EBAZ4205/EBAZ4205.sdk/EBAZ4205_wrapper_hw_platform_0/EBAZ4205_wrapper.bit"
11:54:27 INFO  : Context for 'APU' is selected.
11:54:27 INFO  : Hardware design information is loaded from 'D:/7020test/EBAZ4205/EBAZ4205.sdk/EBAZ4205_wrapper_hw_platform_0/system.hdf'.
11:54:27 INFO  : 'configparams force-mem-access 1' command is executed.
11:54:27 INFO  : Context for 'APU' is selected.
11:54:28 INFO  : 'ps7_init' command is executed.
11:54:28 INFO  : 'ps7_post_config' command is executed.
11:54:28 INFO  : Context for processor 'ps7_cortexa9_0' is selected.
11:54:31 INFO  : The application 'D:/7020test/EBAZ4205/EBAZ4205.sdk/lwip_test/Debug/lwip_test.elf' is downloaded to processor 'ps7_cortexa9_0'.
11:54:31 INFO  : 'configparams force-mem-access 0' command is executed.
11:54:31 INFO  : ----------------XSDB Script----------------
connect -url tcp:127.0.0.1:3121
source D:/7020test/EBAZ4205/EBAZ4205.sdk/EBAZ4205_wrapper_hw_platform_0/ps7_init.tcl
targets -set -nocase -filter {name =~"APU*" && jtag_cable_name =~ "Platform Cable USB 00000000000000"} -index 0
rst -system
after 3000
targets -set -filter {jtag_cable_name =~ "Platform Cable USB 00000000000000" && level==0} -index 1
fpga -file D:/7020test/EBAZ4205/EBAZ4205.sdk/EBAZ4205_wrapper_hw_platform_0/EBAZ4205_wrapper.bit
targets -set -nocase -filter {name =~"APU*" && jtag_cable_name =~ "Platform Cable USB 00000000000000"} -index 0
loadhw -hw D:/7020test/EBAZ4205/EBAZ4205.sdk/EBAZ4205_wrapper_hw_platform_0/system.hdf -mem-ranges [list {0x40000000 0xbfffffff}]
configparams force-mem-access 1
targets -set -nocase -filter {name =~"APU*" && jtag_cable_name =~ "Platform Cable USB 00000000000000"} -index 0
ps7_init
ps7_post_config
targets -set -nocase -filter {name =~ "ARM*#0" && jtag_cable_name =~ "Platform Cable USB 00000000000000"} -index 0
dow D:/7020test/EBAZ4205/EBAZ4205.sdk/lwip_test/Debug/lwip_test.elf
configparams force-mem-access 0
----------------End of Script----------------

11:54:31 INFO  : Memory regions updated for context APU
11:54:31 INFO  : Context for processor 'ps7_cortexa9_0' is selected.
11:54:31 INFO  : 'con' command is executed.
11:54:31 INFO  : ----------------XSDB Script (After Launch)----------------
targets -set -nocase -filter {name =~ "ARM*#0" && jtag_cable_name =~ "Platform Cable USB 00000000000000"} -index 0
con
----------------End of Script----------------

11:54:31 INFO  : Launch script is exported to file 'D:\7020test\EBAZ4205\EBAZ4205.sdk\.sdk\launch_scripts\xilinx_c-c++_application_(system_debugger)\system_debugger_using_debug_lwip_test.elf_on_local.tcl'
12:03:09 INFO  : Disconnected from the channel tcfchan#8.
12:03:10 INFO  : Connected to target on host '127.0.0.1' and port '3121'.
12:03:10 INFO  : Jtag cable 'Platform Cable USB 00000000000000' is selected.
12:03:10 INFO  : 'jtag frequency' command is executed.
12:03:10 INFO  : Sourcing of 'D:/7020test/EBAZ4205/EBAZ4205.sdk/EBAZ4205_wrapper_hw_platform_0/ps7_init.tcl' is done.
12:03:10 INFO  : Context for 'APU' is selected.
12:03:11 INFO  : System reset is completed.
12:03:14 INFO  : 'after 3000' command is executed.
12:03:15 INFO  : 'targets -set -filter {jtag_cable_name =~ "Platform Cable USB 00000000000000" && level==0} -index 1' command is executed.
12:03:20 INFO  : FPGA configured successfully with bitstream "D:/7020test/EBAZ4205/EBAZ4205.sdk/EBAZ4205_wrapper_hw_platform_0/EBAZ4205_wrapper.bit"
12:03:20 INFO  : Context for 'APU' is selected.
12:03:20 INFO  : Hardware design information is loaded from 'D:/7020test/EBAZ4205/EBAZ4205.sdk/EBAZ4205_wrapper_hw_platform_0/system.hdf'.
12:03:20 INFO  : 'configparams force-mem-access 1' command is executed.
12:03:20 INFO  : Context for 'APU' is selected.
12:03:21 INFO  : 'ps7_init' command is executed.
12:03:21 INFO  : 'ps7_post_config' command is executed.
12:03:21 INFO  : Context for processor 'ps7_cortexa9_0' is selected.
12:03:24 INFO  : The application 'D:/7020test/EBAZ4205/EBAZ4205.sdk/lwip_test/Debug/lwip_test.elf' is downloaded to processor 'ps7_cortexa9_0'.
12:03:24 INFO  : 'configparams force-mem-access 0' command is executed.
12:03:24 INFO  : ----------------XSDB Script----------------
connect -url tcp:127.0.0.1:3121
source D:/7020test/EBAZ4205/EBAZ4205.sdk/EBAZ4205_wrapper_hw_platform_0/ps7_init.tcl
targets -set -nocase -filter {name =~"APU*" && jtag_cable_name =~ "Platform Cable USB 00000000000000"} -index 0
rst -system
after 3000
targets -set -filter {jtag_cable_name =~ "Platform Cable USB 00000000000000" && level==0} -index 1
fpga -file D:/7020test/EBAZ4205/EBAZ4205.sdk/EBAZ4205_wrapper_hw_platform_0/EBAZ4205_wrapper.bit
targets -set -nocase -filter {name =~"APU*" && jtag_cable_name =~ "Platform Cable USB 00000000000000"} -index 0
loadhw -hw D:/7020test/EBAZ4205/EBAZ4205.sdk/EBAZ4205_wrapper_hw_platform_0/system.hdf -mem-ranges [list {0x40000000 0xbfffffff}]
configparams force-mem-access 1
targets -set -nocase -filter {name =~"APU*" && jtag_cable_name =~ "Platform Cable USB 00000000000000"} -index 0
ps7_init
ps7_post_config
targets -set -nocase -filter {name =~ "ARM*#0" && jtag_cable_name =~ "Platform Cable USB 00000000000000"} -index 0
dow D:/7020test/EBAZ4205/EBAZ4205.sdk/lwip_test/Debug/lwip_test.elf
configparams force-mem-access 0
----------------End of Script----------------

12:03:24 INFO  : Memory regions updated for context APU
12:03:24 INFO  : Context for processor 'ps7_cortexa9_0' is selected.
12:03:24 INFO  : 'con' command is executed.
12:03:24 INFO  : ----------------XSDB Script (After Launch)----------------
targets -set -nocase -filter {name =~ "ARM*#0" && jtag_cable_name =~ "Platform Cable USB 00000000000000"} -index 0
con
----------------End of Script----------------

12:03:24 INFO  : Launch script is exported to file 'D:\7020test\EBAZ4205\EBAZ4205.sdk\.sdk\launch_scripts\xilinx_c-c++_application_(system_debugger)\system_debugger_using_debug_lwip_test.elf_on_local.tcl'
12:04:03 INFO  : Performance data for 'PS' has been exported to the file 'D:\7020test\EBAZ4205\EBAZ4205.sdk\EBAZ4205_wrapper_hw_platform_0_Traces\Traces\Run_-27_11-54\PS_Trace_-27_11-54\trace'
12:08:59 INFO  : Refreshed build settings on project lwip_test
12:10:32 INFO  : Disconnected from the channel tcfchan#9.
12:10:33 INFO  : Connected to target on host '127.0.0.1' and port '3121'.
12:10:33 INFO  : Jtag cable 'Platform Cable USB 00000000000000' is selected.
12:10:33 INFO  : 'jtag frequency' command is executed.
12:10:33 INFO  : Sourcing of 'D:/7020test/EBAZ4205/EBAZ4205.sdk/EBAZ4205_wrapper_hw_platform_0/ps7_init.tcl' is done.
12:10:33 INFO  : Context for 'APU' is selected.
12:10:34 INFO  : System reset is completed.
12:10:37 INFO  : 'after 3000' command is executed.
12:10:37 INFO  : 'targets -set -filter {jtag_cable_name =~ "Platform Cable USB 00000000000000" && level==0} -index 1' command is executed.
12:10:42 INFO  : FPGA configured successfully with bitstream "D:/7020test/EBAZ4205/EBAZ4205.sdk/EBAZ4205_wrapper_hw_platform_0/EBAZ4205_wrapper.bit"
12:10:42 INFO  : Context for 'APU' is selected.
12:10:42 INFO  : Hardware design information is loaded from 'D:/7020test/EBAZ4205/EBAZ4205.sdk/EBAZ4205_wrapper_hw_platform_0/system.hdf'.
12:10:42 INFO  : 'configparams force-mem-access 1' command is executed.
12:10:42 INFO  : Context for 'APU' is selected.
12:10:42 INFO  : 'ps7_init' command is executed.
12:10:42 INFO  : 'ps7_post_config' command is executed.
12:10:42 INFO  : Context for processor 'ps7_cortexa9_0' is selected.
12:10:46 INFO  : The application 'D:/7020test/EBAZ4205/EBAZ4205.sdk/lwip_test/Debug/lwip_test.elf' is downloaded to processor 'ps7_cortexa9_0'.
12:10:46 INFO  : 'configparams force-mem-access 0' command is executed.
12:10:46 INFO  : ----------------XSDB Script----------------
connect -url tcp:127.0.0.1:3121
source D:/7020test/EBAZ4205/EBAZ4205.sdk/EBAZ4205_wrapper_hw_platform_0/ps7_init.tcl
targets -set -nocase -filter {name =~"APU*" && jtag_cable_name =~ "Platform Cable USB 00000000000000"} -index 0
rst -system
after 3000
targets -set -filter {jtag_cable_name =~ "Platform Cable USB 00000000000000" && level==0} -index 1
fpga -file D:/7020test/EBAZ4205/EBAZ4205.sdk/EBAZ4205_wrapper_hw_platform_0/EBAZ4205_wrapper.bit
targets -set -nocase -filter {name =~"APU*" && jtag_cable_name =~ "Platform Cable USB 00000000000000"} -index 0
loadhw -hw D:/7020test/EBAZ4205/EBAZ4205.sdk/EBAZ4205_wrapper_hw_platform_0/system.hdf -mem-ranges [list {0x40000000 0xbfffffff}]
configparams force-mem-access 1
targets -set -nocase -filter {name =~"APU*" && jtag_cable_name =~ "Platform Cable USB 00000000000000"} -index 0
ps7_init
ps7_post_config
targets -set -nocase -filter {name =~ "ARM*#0" && jtag_cable_name =~ "Platform Cable USB 00000000000000"} -index 0
dow D:/7020test/EBAZ4205/EBAZ4205.sdk/lwip_test/Debug/lwip_test.elf
configparams force-mem-access 0
----------------End of Script----------------

12:10:46 INFO  : Memory regions updated for context APU
12:10:46 INFO  : Context for processor 'ps7_cortexa9_0' is selected.
12:10:46 INFO  : 'con' command is executed.
12:10:46 INFO  : ----------------XSDB Script (After Launch)----------------
targets -set -nocase -filter {name =~ "ARM*#0" && jtag_cable_name =~ "Platform Cable USB 00000000000000"} -index 0
con
----------------End of Script----------------

12:10:46 INFO  : Launch script is exported to file 'D:\7020test\EBAZ4205\EBAZ4205.sdk\.sdk\launch_scripts\xilinx_c-c++_application_(system_debugger)\system_debugger_using_debug_lwip_test.elf_on_local.tcl'
12:14:11 INFO  : Disconnected from the channel tcfchan#10.
12:14:12 INFO  : Connected to target on host '127.0.0.1' and port '3121'.
12:14:12 INFO  : Jtag cable 'Platform Cable USB 00000000000000' is selected.
12:14:12 INFO  : 'jtag frequency' command is executed.
12:14:12 INFO  : Sourcing of 'D:/7020test/EBAZ4205/EBAZ4205.sdk/EBAZ4205_wrapper_hw_platform_0/ps7_init.tcl' is done.
12:14:12 INFO  : Context for 'APU' is selected.
12:14:13 INFO  : System reset is completed.
12:14:16 INFO  : 'after 3000' command is executed.
12:14:16 INFO  : 'targets -set -filter {jtag_cable_name =~ "Platform Cable USB 00000000000000" && level==0} -index 1' command is executed.
12:14:20 INFO  : FPGA configured successfully with bitstream "D:/7020test/EBAZ4205/EBAZ4205.sdk/EBAZ4205_wrapper_hw_platform_0/EBAZ4205_wrapper.bit"
12:14:20 INFO  : Context for 'APU' is selected.
12:14:20 INFO  : Hardware design information is loaded from 'D:/7020test/EBAZ4205/EBAZ4205.sdk/EBAZ4205_wrapper_hw_platform_0/system.hdf'.
12:14:20 INFO  : 'configparams force-mem-access 1' command is executed.
12:14:20 INFO  : Context for 'APU' is selected.
12:14:21 INFO  : 'ps7_init' command is executed.
12:14:21 INFO  : 'ps7_post_config' command is executed.
12:14:21 INFO  : Context for processor 'ps7_cortexa9_0' is selected.
12:14:24 INFO  : The application 'D:/7020test/EBAZ4205/EBAZ4205.sdk/lwip_test/Debug/lwip_test.elf' is downloaded to processor 'ps7_cortexa9_0'.
12:14:24 INFO  : 'configparams force-mem-access 0' command is executed.
12:14:24 INFO  : ----------------XSDB Script----------------
connect -url tcp:127.0.0.1:3121
source D:/7020test/EBAZ4205/EBAZ4205.sdk/EBAZ4205_wrapper_hw_platform_0/ps7_init.tcl
targets -set -nocase -filter {name =~"APU*" && jtag_cable_name =~ "Platform Cable USB 00000000000000"} -index 0
rst -system
after 3000
targets -set -filter {jtag_cable_name =~ "Platform Cable USB 00000000000000" && level==0} -index 1
fpga -file D:/7020test/EBAZ4205/EBAZ4205.sdk/EBAZ4205_wrapper_hw_platform_0/EBAZ4205_wrapper.bit
targets -set -nocase -filter {name =~"APU*" && jtag_cable_name =~ "Platform Cable USB 00000000000000"} -index 0
loadhw -hw D:/7020test/EBAZ4205/EBAZ4205.sdk/EBAZ4205_wrapper_hw_platform_0/system.hdf -mem-ranges [list {0x40000000 0xbfffffff}]
configparams force-mem-access 1
targets -set -nocase -filter {name =~"APU*" && jtag_cable_name =~ "Platform Cable USB 00000000000000"} -index 0
ps7_init
ps7_post_config
targets -set -nocase -filter {name =~ "ARM*#0" && jtag_cable_name =~ "Platform Cable USB 00000000000000"} -index 0
dow D:/7020test/EBAZ4205/EBAZ4205.sdk/lwip_test/Debug/lwip_test.elf
configparams force-mem-access 0
----------------End of Script----------------

12:14:24 INFO  : Memory regions updated for context APU
12:14:24 INFO  : Context for processor 'ps7_cortexa9_0' is selected.
12:14:24 INFO  : 'con' command is executed.
12:14:24 INFO  : ----------------XSDB Script (After Launch)----------------
targets -set -nocase -filter {name =~ "ARM*#0" && jtag_cable_name =~ "Platform Cable USB 00000000000000"} -index 0
con
----------------End of Script----------------

12:14:24 INFO  : Launch script is exported to file 'D:\7020test\EBAZ4205\EBAZ4205.sdk\.sdk\launch_scripts\xilinx_c-c++_application_(system_debugger)\system_debugger_using_debug_lwip_test.elf_on_local.tcl'
12:15:48 INFO  : Disconnected from the channel tcfchan#11.
12:15:49 INFO  : Connected to target on host '127.0.0.1' and port '3121'.
12:15:49 INFO  : Jtag cable 'Platform Cable USB 00000000000000' is selected.
12:15:49 INFO  : 'jtag frequency' command is executed.
12:15:49 INFO  : Sourcing of 'D:/7020test/EBAZ4205/EBAZ4205.sdk/EBAZ4205_wrapper_hw_platform_0/ps7_init.tcl' is done.
12:15:50 INFO  : Context for 'APU' is selected.
12:15:50 INFO  : System reset is completed.
12:15:53 INFO  : 'after 3000' command is executed.
12:15:53 INFO  : 'targets -set -filter {jtag_cable_name =~ "Platform Cable USB 00000000000000" && level==0} -index 1' command is executed.
12:15:58 INFO  : FPGA configured successfully with bitstream "D:/7020test/EBAZ4205/EBAZ4205.sdk/EBAZ4205_wrapper_hw_platform_0/EBAZ4205_wrapper.bit"
12:15:58 INFO  : Context for 'APU' is selected.
12:15:58 INFO  : Hardware design information is loaded from 'D:/7020test/EBAZ4205/EBAZ4205.sdk/EBAZ4205_wrapper_hw_platform_0/system.hdf'.
12:15:58 INFO  : 'configparams force-mem-access 1' command is executed.
12:15:58 INFO  : Context for 'APU' is selected.
12:15:59 INFO  : 'ps7_init' command is executed.
12:15:59 INFO  : 'ps7_post_config' command is executed.
12:15:59 INFO  : Context for processor 'ps7_cortexa9_0' is selected.
12:16:02 INFO  : The application 'D:/7020test/EBAZ4205/EBAZ4205.sdk/lwip_test/Debug/lwip_test.elf' is downloaded to processor 'ps7_cortexa9_0'.
12:16:02 INFO  : 'configparams force-mem-access 0' command is executed.
12:16:02 INFO  : ----------------XSDB Script----------------
connect -url tcp:127.0.0.1:3121
source D:/7020test/EBAZ4205/EBAZ4205.sdk/EBAZ4205_wrapper_hw_platform_0/ps7_init.tcl
targets -set -nocase -filter {name =~"APU*" && jtag_cable_name =~ "Platform Cable USB 00000000000000"} -index 0
rst -system
after 3000
targets -set -filter {jtag_cable_name =~ "Platform Cable USB 00000000000000" && level==0} -index 1
fpga -file D:/7020test/EBAZ4205/EBAZ4205.sdk/EBAZ4205_wrapper_hw_platform_0/EBAZ4205_wrapper.bit
targets -set -nocase -filter {name =~"APU*" && jtag_cable_name =~ "Platform Cable USB 00000000000000"} -index 0
loadhw -hw D:/7020test/EBAZ4205/EBAZ4205.sdk/EBAZ4205_wrapper_hw_platform_0/system.hdf -mem-ranges [list {0x40000000 0xbfffffff}]
configparams force-mem-access 1
targets -set -nocase -filter {name =~"APU*" && jtag_cable_name =~ "Platform Cable USB 00000000000000"} -index 0
ps7_init
ps7_post_config
targets -set -nocase -filter {name =~ "ARM*#0" && jtag_cable_name =~ "Platform Cable USB 00000000000000"} -index 0
dow D:/7020test/EBAZ4205/EBAZ4205.sdk/lwip_test/Debug/lwip_test.elf
configparams force-mem-access 0
----------------End of Script----------------

12:16:02 INFO  : Memory regions updated for context APU
12:16:02 INFO  : Context for processor 'ps7_cortexa9_0' is selected.
12:16:02 INFO  : 'con' command is executed.
12:16:02 INFO  : ----------------XSDB Script (After Launch)----------------
targets -set -nocase -filter {name =~ "ARM*#0" && jtag_cable_name =~ "Platform Cable USB 00000000000000"} -index 0
con
----------------End of Script----------------

12:16:02 INFO  : Launch script is exported to file 'D:\7020test\EBAZ4205\EBAZ4205.sdk\.sdk\launch_scripts\xilinx_c-c++_application_(system_debugger)\system_debugger_using_debug_lwip_test.elf_on_local.tcl'
12:17:18 INFO  : Disconnected from the channel tcfchan#12.
12:17:19 INFO  : Connected to target on host '127.0.0.1' and port '3121'.
12:17:20 INFO  : Jtag cable 'Platform Cable USB 00000000000000' is selected.
12:17:20 INFO  : 'jtag frequency' command is executed.
12:17:20 INFO  : Sourcing of 'D:/7020test/EBAZ4205/EBAZ4205.sdk/EBAZ4205_wrapper_hw_platform_0/ps7_init.tcl' is done.
12:17:20 INFO  : Context for 'APU' is selected.
12:17:20 INFO  : System reset is completed.
12:17:23 INFO  : 'after 3000' command is executed.
12:17:23 INFO  : 'targets -set -filter {jtag_cable_name =~ "Platform Cable USB 00000000000000" && level==0} -index 1' command is executed.
12:17:28 INFO  : FPGA configured successfully with bitstream "D:/7020test/EBAZ4205/EBAZ4205.sdk/EBAZ4205_wrapper_hw_platform_0/EBAZ4205_wrapper.bit"
12:17:28 INFO  : Context for 'APU' is selected.
12:17:28 INFO  : Hardware design information is loaded from 'D:/7020test/EBAZ4205/EBAZ4205.sdk/EBAZ4205_wrapper_hw_platform_0/system.hdf'.
12:17:28 INFO  : 'configparams force-mem-access 1' command is executed.
12:17:28 INFO  : Context for 'APU' is selected.
12:17:29 INFO  : 'ps7_init' command is executed.
12:17:29 INFO  : 'ps7_post_config' command is executed.
12:17:29 INFO  : Context for processor 'ps7_cortexa9_0' is selected.
12:17:32 INFO  : The application 'D:/7020test/EBAZ4205/EBAZ4205.sdk/lwip_test/Debug/lwip_test.elf' is downloaded to processor 'ps7_cortexa9_0'.
12:17:32 INFO  : 'configparams force-mem-access 0' command is executed.
12:17:32 INFO  : ----------------XSDB Script----------------
connect -url tcp:127.0.0.1:3121
source D:/7020test/EBAZ4205/EBAZ4205.sdk/EBAZ4205_wrapper_hw_platform_0/ps7_init.tcl
targets -set -nocase -filter {name =~"APU*" && jtag_cable_name =~ "Platform Cable USB 00000000000000"} -index 0
rst -system
after 3000
targets -set -filter {jtag_cable_name =~ "Platform Cable USB 00000000000000" && level==0} -index 1
fpga -file D:/7020test/EBAZ4205/EBAZ4205.sdk/EBAZ4205_wrapper_hw_platform_0/EBAZ4205_wrapper.bit
targets -set -nocase -filter {name =~"APU*" && jtag_cable_name =~ "Platform Cable USB 00000000000000"} -index 0
loadhw -hw D:/7020test/EBAZ4205/EBAZ4205.sdk/EBAZ4205_wrapper_hw_platform_0/system.hdf -mem-ranges [list {0x40000000 0xbfffffff}]
configparams force-mem-access 1
targets -set -nocase -filter {name =~"APU*" && jtag_cable_name =~ "Platform Cable USB 00000000000000"} -index 0
ps7_init
ps7_post_config
targets -set -nocase -filter {name =~ "ARM*#0" && jtag_cable_name =~ "Platform Cable USB 00000000000000"} -index 0
dow D:/7020test/EBAZ4205/EBAZ4205.sdk/lwip_test/Debug/lwip_test.elf
configparams force-mem-access 0
----------------End of Script----------------

12:17:32 INFO  : Memory regions updated for context APU
12:17:32 INFO  : Context for processor 'ps7_cortexa9_0' is selected.
12:17:32 INFO  : 'con' command is executed.
12:17:32 INFO  : ----------------XSDB Script (After Launch)----------------
targets -set -nocase -filter {name =~ "ARM*#0" && jtag_cable_name =~ "Platform Cable USB 00000000000000"} -index 0
con
----------------End of Script----------------

12:17:32 INFO  : Launch script is exported to file 'D:\7020test\EBAZ4205\EBAZ4205.sdk\.sdk\launch_scripts\xilinx_c-c++_application_(system_debugger)\system_debugger_using_debug_lwip_test.elf_on_local.tcl'
12:24:43 INFO  : Example project lwip_test_bsp_xilffs_polled_example_1 has been created successfully.
12:40:52 INFO  : Disconnected from the channel tcfchan#13.
12:40:53 INFO  : Connected to target on host '127.0.0.1' and port '3121'.
12:40:54 INFO  : Jtag cable 'Platform Cable USB 00000000000000' is selected.
12:40:54 INFO  : 'jtag frequency' command is executed.
12:40:54 INFO  : Sourcing of 'D:/7020test/EBAZ4205/EBAZ4205.sdk/EBAZ4205_wrapper_hw_platform_0/ps7_init.tcl' is done.
12:40:54 INFO  : Context for 'APU' is selected.
12:40:54 INFO  : System reset is completed.
12:40:57 INFO  : 'after 3000' command is executed.
12:40:57 INFO  : 'targets -set -filter {jtag_cable_name =~ "Platform Cable USB 00000000000000" && level==0} -index 1' command is executed.
12:41:02 INFO  : FPGA configured successfully with bitstream "D:/7020test/EBAZ4205/EBAZ4205.sdk/EBAZ4205_wrapper_hw_platform_0/EBAZ4205_wrapper.bit"
12:41:02 INFO  : Context for 'APU' is selected.
12:41:02 INFO  : Hardware design information is loaded from 'D:/7020test/EBAZ4205/EBAZ4205.sdk/EBAZ4205_wrapper_hw_platform_0/system.hdf'.
12:41:02 INFO  : 'configparams force-mem-access 1' command is executed.
12:41:02 INFO  : Context for 'APU' is selected.
12:41:03 INFO  : 'ps7_init' command is executed.
12:41:03 INFO  : 'ps7_post_config' command is executed.
12:41:03 INFO  : Context for processor 'ps7_cortexa9_0' is selected.
12:41:06 INFO  : The application 'D:/7020test/EBAZ4205/EBAZ4205.sdk/lwip_test/Debug/lwip_test.elf' is downloaded to processor 'ps7_cortexa9_0'.
12:41:06 INFO  : 'configparams force-mem-access 0' command is executed.
12:41:06 INFO  : ----------------XSDB Script----------------
connect -url tcp:127.0.0.1:3121
source D:/7020test/EBAZ4205/EBAZ4205.sdk/EBAZ4205_wrapper_hw_platform_0/ps7_init.tcl
targets -set -nocase -filter {name =~"APU*" && jtag_cable_name =~ "Platform Cable USB 00000000000000"} -index 0
rst -system
after 3000
targets -set -filter {jtag_cable_name =~ "Platform Cable USB 00000000000000" && level==0} -index 1
fpga -file D:/7020test/EBAZ4205/EBAZ4205.sdk/EBAZ4205_wrapper_hw_platform_0/EBAZ4205_wrapper.bit
targets -set -nocase -filter {name =~"APU*" && jtag_cable_name =~ "Platform Cable USB 00000000000000"} -index 0
loadhw -hw D:/7020test/EBAZ4205/EBAZ4205.sdk/EBAZ4205_wrapper_hw_platform_0/system.hdf -mem-ranges [list {0x40000000 0xbfffffff}]
configparams force-mem-access 1
targets -set -nocase -filter {name =~"APU*" && jtag_cable_name =~ "Platform Cable USB 00000000000000"} -index 0
ps7_init
ps7_post_config
targets -set -nocase -filter {name =~ "ARM*#0" && jtag_cable_name =~ "Platform Cable USB 00000000000000"} -index 0
dow D:/7020test/EBAZ4205/EBAZ4205.sdk/lwip_test/Debug/lwip_test.elf
configparams force-mem-access 0
----------------End of Script----------------

12:41:06 INFO  : Memory regions updated for context APU
12:41:06 INFO  : Context for processor 'ps7_cortexa9_0' is selected.
12:41:06 INFO  : 'con' command is executed.
12:41:06 INFO  : ----------------XSDB Script (After Launch)----------------
targets -set -nocase -filter {name =~ "ARM*#0" && jtag_cable_name =~ "Platform Cable USB 00000000000000"} -index 0
con
----------------End of Script----------------

12:41:06 INFO  : Launch script is exported to file 'D:\7020test\EBAZ4205\EBAZ4205.sdk\.sdk\launch_scripts\xilinx_c-c++_application_(system_debugger)\system_debugger_using_debug_lwip_test.elf_on_local.tcl'
12:42:54 INFO  : Refreshed build settings on project lwip_test
12:42:54 INFO  : Refreshed build settings on project lwip_test_bsp_xilffs_polled_example_1
12:43:51 INFO  : Disconnected from the channel tcfchan#14.
12:43:52 INFO  : Connected to target on host '127.0.0.1' and port '3121'.
12:43:53 INFO  : Jtag cable 'Platform Cable USB 00000000000000' is selected.
12:43:53 INFO  : 'jtag frequency' command is executed.
12:43:53 INFO  : Sourcing of 'D:/7020test/EBAZ4205/EBAZ4205.sdk/EBAZ4205_wrapper_hw_platform_0/ps7_init.tcl' is done.
12:43:53 INFO  : Context for 'APU' is selected.
12:43:53 INFO  : System reset is completed.
12:43:56 INFO  : 'after 3000' command is executed.
12:43:56 INFO  : 'targets -set -filter {jtag_cable_name =~ "Platform Cable USB 00000000000000" && level==0} -index 1' command is executed.
12:44:00 INFO  : FPGA configured successfully with bitstream "D:/7020test/EBAZ4205/EBAZ4205.sdk/EBAZ4205_wrapper_hw_platform_0/EBAZ4205_wrapper.bit"
12:44:00 INFO  : Context for 'APU' is selected.
12:44:00 INFO  : Hardware design information is loaded from 'D:/7020test/EBAZ4205/EBAZ4205.sdk/EBAZ4205_wrapper_hw_platform_0/system.hdf'.
12:44:00 INFO  : 'configparams force-mem-access 1' command is executed.
12:44:01 INFO  : Context for 'APU' is selected.
12:44:01 INFO  : 'ps7_init' command is executed.
12:44:01 INFO  : 'ps7_post_config' command is executed.
12:44:01 INFO  : Context for processor 'ps7_cortexa9_0' is selected.
12:44:05 INFO  : The application 'D:/7020test/EBAZ4205/EBAZ4205.sdk/lwip_test/Debug/lwip_test.elf' is downloaded to processor 'ps7_cortexa9_0'.
12:44:05 INFO  : 'configparams force-mem-access 0' command is executed.
12:44:05 INFO  : ----------------XSDB Script----------------
connect -url tcp:127.0.0.1:3121
source D:/7020test/EBAZ4205/EBAZ4205.sdk/EBAZ4205_wrapper_hw_platform_0/ps7_init.tcl
targets -set -nocase -filter {name =~"APU*" && jtag_cable_name =~ "Platform Cable USB 00000000000000"} -index 0
rst -system
after 3000
targets -set -filter {jtag_cable_name =~ "Platform Cable USB 00000000000000" && level==0} -index 1
fpga -file D:/7020test/EBAZ4205/EBAZ4205.sdk/EBAZ4205_wrapper_hw_platform_0/EBAZ4205_wrapper.bit
targets -set -nocase -filter {name =~"APU*" && jtag_cable_name =~ "Platform Cable USB 00000000000000"} -index 0
loadhw -hw D:/7020test/EBAZ4205/EBAZ4205.sdk/EBAZ4205_wrapper_hw_platform_0/system.hdf -mem-ranges [list {0x40000000 0xbfffffff}]
configparams force-mem-access 1
targets -set -nocase -filter {name =~"APU*" && jtag_cable_name =~ "Platform Cable USB 00000000000000"} -index 0
ps7_init
ps7_post_config
targets -set -nocase -filter {name =~ "ARM*#0" && jtag_cable_name =~ "Platform Cable USB 00000000000000"} -index 0
dow D:/7020test/EBAZ4205/EBAZ4205.sdk/lwip_test/Debug/lwip_test.elf
configparams force-mem-access 0
----------------End of Script----------------

12:44:05 INFO  : Memory regions updated for context APU
12:44:05 INFO  : Context for processor 'ps7_cortexa9_0' is selected.
12:44:05 INFO  : 'con' command is executed.
12:44:05 INFO  : ----------------XSDB Script (After Launch)----------------
targets -set -nocase -filter {name =~ "ARM*#0" && jtag_cable_name =~ "Platform Cable USB 00000000000000"} -index 0
con
----------------End of Script----------------

12:44:05 INFO  : Launch script is exported to file 'D:\7020test\EBAZ4205\EBAZ4205.sdk\.sdk\launch_scripts\xilinx_c-c++_application_(system_debugger)\system_debugger_using_debug_lwip_test.elf_on_local.tcl'
12:51:57 INFO  : Disconnected from the channel tcfchan#15.
12:51:58 INFO  : Connected to target on host '127.0.0.1' and port '3121'.
12:51:58 INFO  : Jtag cable 'Platform Cable USB 00000000000000' is selected.
12:51:58 INFO  : 'jtag frequency' command is executed.
12:51:58 INFO  : Sourcing of 'D:/7020test/EBAZ4205/EBAZ4205.sdk/EBAZ4205_wrapper_hw_platform_0/ps7_init.tcl' is done.
12:51:58 INFO  : Context for 'APU' is selected.
12:51:58 INFO  : System reset is completed.
12:52:01 INFO  : 'after 3000' command is executed.
12:52:01 INFO  : 'targets -set -filter {jtag_cable_name =~ "Platform Cable USB 00000000000000" && level==0} -index 1' command is executed.
12:52:06 INFO  : FPGA configured successfully with bitstream "D:/7020test/EBAZ4205/EBAZ4205.sdk/EBAZ4205_wrapper_hw_platform_0/EBAZ4205_wrapper.bit"
12:52:06 INFO  : Context for 'APU' is selected.
12:52:06 INFO  : Hardware design information is loaded from 'D:/7020test/EBAZ4205/EBAZ4205.sdk/EBAZ4205_wrapper_hw_platform_0/system.hdf'.
12:52:06 INFO  : 'configparams force-mem-access 1' command is executed.
12:52:06 INFO  : Context for 'APU' is selected.
12:52:07 INFO  : 'ps7_init' command is executed.
12:52:07 INFO  : 'ps7_post_config' command is executed.
12:52:07 INFO  : Context for processor 'ps7_cortexa9_0' is selected.
12:52:10 INFO  : The application 'D:/7020test/EBAZ4205/EBAZ4205.sdk/lwip_test/Debug/lwip_test.elf' is downloaded to processor 'ps7_cortexa9_0'.
12:52:10 INFO  : 'configparams force-mem-access 0' command is executed.
12:52:10 INFO  : ----------------XSDB Script----------------
connect -url tcp:127.0.0.1:3121
source D:/7020test/EBAZ4205/EBAZ4205.sdk/EBAZ4205_wrapper_hw_platform_0/ps7_init.tcl
targets -set -nocase -filter {name =~"APU*" && jtag_cable_name =~ "Platform Cable USB 00000000000000"} -index 0
rst -system
after 3000
targets -set -filter {jtag_cable_name =~ "Platform Cable USB 00000000000000" && level==0} -index 1
fpga -file D:/7020test/EBAZ4205/EBAZ4205.sdk/EBAZ4205_wrapper_hw_platform_0/EBAZ4205_wrapper.bit
targets -set -nocase -filter {name =~"APU*" && jtag_cable_name =~ "Platform Cable USB 00000000000000"} -index 0
loadhw -hw D:/7020test/EBAZ4205/EBAZ4205.sdk/EBAZ4205_wrapper_hw_platform_0/system.hdf -mem-ranges [list {0x40000000 0xbfffffff}]
configparams force-mem-access 1
targets -set -nocase -filter {name =~"APU*" && jtag_cable_name =~ "Platform Cable USB 00000000000000"} -index 0
ps7_init
ps7_post_config
targets -set -nocase -filter {name =~ "ARM*#0" && jtag_cable_name =~ "Platform Cable USB 00000000000000"} -index 0
dow D:/7020test/EBAZ4205/EBAZ4205.sdk/lwip_test/Debug/lwip_test.elf
configparams force-mem-access 0
----------------End of Script----------------

12:52:10 INFO  : Memory regions updated for context APU
12:52:10 INFO  : Context for processor 'ps7_cortexa9_0' is selected.
12:52:10 INFO  : 'con' command is executed.
12:52:10 INFO  : ----------------XSDB Script (After Launch)----------------
targets -set -nocase -filter {name =~ "ARM*#0" && jtag_cable_name =~ "Platform Cable USB 00000000000000"} -index 0
con
----------------End of Script----------------

12:52:10 INFO  : Launch script is exported to file 'D:\7020test\EBAZ4205\EBAZ4205.sdk\.sdk\launch_scripts\xilinx_c-c++_application_(system_debugger)\system_debugger_using_debug_lwip_test.elf_on_local.tcl'
16:44:19 INFO  : Invoking Bootgen: bootgen -image lwip_test.bif -arch zynq -o D:\7020test\EBAZ4205\EBAZ4205.sdk\lwip_test\bootimage\BOOT.bin -w on
16:44:20 INFO  : Bootgen command execution is done.
21:07:49 INFO  : Performance data for 'PS' has been exported to the file 'D:\7020test\EBAZ4205\EBAZ4205.sdk\EBAZ4205_wrapper_hw_platform_0_Traces\Traces\Run_-27_11-54\PS_Trace_-27_11-54\trace'
21:07:49 WARN  : channel "tcfchan#7" closed
21:07:49 INFO  : Disconnected from the channel tcfchan#16.
21:07:59 ERROR : Unexpected error while parsing XMD response ?: com.google.gson.JsonSyntaxException: com.google.gson.stream.MalformedJsonException: invalid number or unquoted string near 
21:08:16 INFO  : Registering command handlers for SDK TCF services
21:08:16 INFO  : Launching XSCT server: xsct.bat -interactive D:\7020test\EBAZ4205\EBAZ4205.sdk\temp_xsdb_launch_script.tcl
21:08:18 INFO  : XSCT server has started successfully.
21:08:18 INFO  : Successfully done setting XSCT server connection channel  
21:08:19 INFO  : Successfully done setting SDK workspace  
21:08:19 INFO  : Processing command line option -hwspec D:/7020test/EBAZ4205/EBAZ4205.sdk/EBAZ4205_wrapper.hdf.
21:08:19 INFO  : Checking for hwspec changes in the project EBAZ4205_wrapper_hw_platform_0.
21:14:01 INFO  : Registering command handlers for SDK TCF services
21:14:01 INFO  : Launching XSCT server: xsct.bat -interactive D:\7020test\EBAZ4205\EBAZ4205.sdk\temp_xsdb_launch_script.tcl
21:14:03 INFO  : XSCT server has started successfully.
21:14:04 INFO  : Successfully done setting XSCT server connection channel  
21:14:04 INFO  : Successfully done setting SDK workspace  
21:14:04 INFO  : Processing command line option -hwspec D:/7020test/EBAZ4205/EBAZ4205.sdk/EBAZ4205_wrapper.hdf.
21:14:04 INFO  : Checking for hwspec changes in the project EBAZ4205_wrapper_hw_platform_0.
21:14:34 INFO  : SDK has detected change in the last modified timestamps for source hardware specification file Source:1553692417587,  Project:1553651272219
21:14:34 INFO  : Project EBAZ4205_wrapper_hw_platform_0's source hardware specification located at D:/7020test/EBAZ4205/EBAZ4205.sdk/EBAZ4205_wrapper.hdf is now different from the local copy.
		 The local copy will be replaced with the source specification and your workspace will be updated.
21:14:36 INFO  : Copied contents of D:/7020test/EBAZ4205/EBAZ4205.sdk/EBAZ4205_wrapper.hdf into \EBAZ4205_wrapper_hw_platform_0\system.hdf.
21:14:43 INFO  : Synchronizing projects in the workspace with the hardware platform specification changes.
21:14:45 INFO  : 
21:14:48 INFO  : 
21:14:49 INFO  : Updating hardware inferred compiler options for fsbl.
21:14:49 INFO  : Updating hardware inferred compiler options for lwip_test.
21:14:49 INFO  : Clearing existing target manager status.
21:14:49 WARN  : Given IPC port value is invalid. Using default port 2350
21:14:49 WARN  : Unable to obtain port 2350 for use by XMD, java.net.SocketException: Unrecognized Windows Sockets error: 0: JVM_Bind
21:14:49 WARN  : Given XMD timeout value is invalid. Using default value of 50000
21:14:51 WARN  : Given XMD transaction timeout value is invalid. Using default value of 60000 milli seconds
21:15:52 INFO  : No changes in MSS file content so not generating sources.
21:19:33 ERROR : Unexpected error while parsing XMD response ?: com.google.gson.JsonSyntaxException: com.google.gson.stream.MalformedJsonException: invalid number or unquoted string near 
09:28:00 INFO  : Launching XSCT server: xsct.bat -interactive D:\7020test\EBAZ4205\EBAZ4205.sdk\temp_xsdb_launch_script.tcl
09:28:02 INFO  : XSCT server has started successfully.
09:28:02 INFO  : Successfully done setting XSCT server connection channel  
09:28:02 INFO  : Successfully done setting SDK workspace  
09:28:10 INFO  : Registering command handlers for SDK TCF services
09:28:10 INFO  : Processing command line option -hwspec D:/7020test/EBAZ4205/EBAZ4205.sdk/EBAZ4205_wrapper.hdf.
09:28:11 INFO  : Checking for hwspec changes in the project EBAZ4205_wrapper_hw_platform_0.
13:01:24 INFO  : Registering command handlers for SDK TCF services
13:01:25 INFO  : Launching XSCT server: xsct.bat -interactive D:\7020test\EBAZ4205\EBAZ4205.sdk\temp_xsdb_launch_script.tcl
13:01:27 INFO  : XSCT server has started successfully.
13:01:27 INFO  : Successfully done setting XSCT server connection channel  
13:01:27 INFO  : Successfully done setting SDK workspace  
13:01:27 INFO  : Processing command line option -hwspec D:/7020test/EBAZ4205/EBAZ4205.sdk/EBAZ4205_wrapper.hdf.
13:01:27 INFO  : Checking for hwspec changes in the project EBAZ4205_wrapper_hw_platform_0.
13:03:03 INFO  : SDK has detected change in the last modified timestamps for source hardware specification file Source:1599279317590,  Project:1553692417587
13:03:03 INFO  : Project EBAZ4205_wrapper_hw_platform_0's source hardware specification located at D:/7020test/EBAZ4205/EBAZ4205.sdk/EBAZ4205_wrapper.hdf is now different from the local copy.
		 The local copy will be replaced with the source specification and your workspace will be updated.
13:03:04 INFO  : Copied contents of D:/7020test/EBAZ4205/EBAZ4205.sdk/EBAZ4205_wrapper.hdf into \EBAZ4205_wrapper_hw_platform_0\system.hdf.
13:03:14 INFO  : Synchronizing projects in the workspace with the hardware platform specification changes.
13:03:16 INFO  : 
13:03:18 INFO  : 
13:03:19 INFO  : Updating hardware inferred compiler options for fsbl.
13:03:19 INFO  : Updating hardware inferred compiler options for lwip_test.
13:03:19 INFO  : Clearing existing target manager status.
13:03:19 WARN  : Given IPC port value is invalid. Using default port 2350
13:03:20 WARN  : Given XMD timeout value is invalid. Using default value of 50000
13:03:22 WARN  : Given XMD transaction timeout value is invalid. Using default value of 60000 milli seconds
13:05:28 INFO  : Refreshed build settings on project lwip_test
13:06:28 INFO  : Refreshed build settings on project lwip_test
13:07:40 INFO  : Refreshed build settings on project lwip_test
13:08:32 INFO  : Refreshed build settings on project lwip_test
13:11:14 INFO  : Refreshed build settings on project lwip_test
17:57:42 INFO  : Invoking Bootgen: bootgen -image lwip_test.bif -arch zynq -o D:\7020test\EBAZ4205\EBAZ4205.sdk\lwip_test\bootimage\BOOT.bin -w on
17:57:43 INFO  : Bootgen command execution is done.
18:02:05 INFO  : Refreshed build settings on project lwip_test
18:04:51 INFO  : Invoking Bootgen: bootgen -image lwip_test.bif -arch zynq -o D:\7020test\EBAZ4205\EBAZ4205.sdk\lwip_test\bootimage\BOOT.bin -w on
18:04:52 INFO  : Bootgen command execution is done.
13:33:02 INFO  : SDK has detected change in the last modified timestamps for source hardware specification file Source:1599370363150,  Project:1599279317590
13:33:02 INFO  : Project EBAZ4205_wrapper_hw_platform_0's source hardware specification located at D:/7020test/EBAZ4205/EBAZ4205.sdk/EBAZ4205_wrapper.hdf is now different from the local copy.
		 The local copy will be replaced with the source specification and your workspace will be updated.
13:33:04 INFO  : Copied contents of D:/7020test/EBAZ4205/EBAZ4205.sdk/EBAZ4205_wrapper.hdf into \EBAZ4205_wrapper_hw_platform_0\system.hdf.
13:33:07 INFO  : Synchronizing projects in the workspace with the hardware platform specification changes.
13:33:09 INFO  : 
13:33:11 INFO  : 
13:33:12 INFO  : Updating hardware inferred compiler options for fsbl.
13:33:13 INFO  : Updating hardware inferred compiler options for lwip_test.
13:33:13 INFO  : Clearing existing target manager status.
13:33:44 INFO  : No changes in MSS file content so not generating sources.
13:34:51 INFO  : Invoking Bootgen: bootgen -image lwip_test.bif -arch zynq -o D:\7020test\EBAZ4205\EBAZ4205.sdk\lwip_test\bootimage\BOOT.bin -w on
13:34:53 INFO  : Bootgen command execution is done.
08:45:13 ERROR : Unexpected error while parsing XMD response ?: com.google.gson.JsonSyntaxException: com.google.gson.stream.MalformedJsonException: invalid number or unquoted string near 
