
*** Running vivado
    with args -log EBAZ4205_wrapper.vdi -applog -m64 -product Vivado -messageDb vivado.pb -mode batch -source EBAZ4205_wrapper.tcl -notrace


****** Vivado v2017.4 (64-bit)
  **** SW Build 2086221 on Fri Dec 15 20:55:39 MST 2017
  **** IP Build 2085800 on Fri Dec 15 22:25:07 MST 2017
    ** Copyright 1986-2017 Xilinx, Inc. All Rights Reserved.

source EBAZ4205_wrapper.tcl -notrace
INFO: [IP_Flow 19-234] Refreshing IP repositories
INFO: [IP_Flow 19-1704] No user IP repositories specified
INFO: [IP_Flow 19-2313] Loaded Vivado IP repository 'D:/Xilinx/Vivado/2017.4/data/ip'.
Command: link_design -top EBAZ4205_wrapper -part xc7z010clg400-1
Design is defaulting to srcset: sources_1
Design is defaulting to constrset: constrs_1
INFO: [Project 1-454] Reading design checkpoint 'd:/7020test/EBAZ4205/EBAZ4205.srcs/sources_1/bd/EBAZ4205/ip/EBAZ4205_proc_sys_reset_0_0/EBAZ4205_proc_sys_reset_0_0.dcp' for cell 'EBAZ4205_i/proc_sys_reset_0'
INFO: [Project 1-454] Reading design checkpoint 'd:/7020test/EBAZ4205/EBAZ4205.srcs/sources_1/bd/EBAZ4205/ip/EBAZ4205_processing_system7_0_0/EBAZ4205_processing_system7_0_0.dcp' for cell 'EBAZ4205_i/processing_system7_0'
INFO: [Project 1-454] Reading design checkpoint 'd:/7020test/EBAZ4205/EBAZ4205.srcs/sources_1/bd/EBAZ4205/ip/EBAZ4205_xlconcat_0_0/EBAZ4205_xlconcat_0_0.dcp' for cell 'EBAZ4205_i/xlconcat_0'
INFO: [Project 1-454] Reading design checkpoint 'd:/7020test/EBAZ4205/EBAZ4205.srcs/sources_1/bd/EBAZ4205/ip/EBAZ4205_xlconcat_0_1/EBAZ4205_xlconcat_0_1.dcp' for cell 'EBAZ4205_i/xlconcat_1'
INFO: [Project 1-454] Reading design checkpoint 'd:/7020test/EBAZ4205/EBAZ4205.srcs/sources_1/bd/EBAZ4205/ip/EBAZ4205_xlconstant_0_0/EBAZ4205_xlconstant_0_0.dcp' for cell 'EBAZ4205_i/xlconstant_0'
INFO: [Netlist 29-17] Analyzing 14 Unisim elements for replacement
INFO: [Netlist 29-28] Unisim Transformation completed in 0 CPU seconds
INFO: [Project 1-479] Netlist was created with Vivado 2017.4
INFO: [Device 21-403] Loading part xc7z010clg400-1
INFO: [Project 1-570] Preparing netlist for logic optimization
Parsing XDC File [d:/7020test/EBAZ4205/EBAZ4205.srcs/sources_1/bd/EBAZ4205/ip/EBAZ4205_processing_system7_0_0/EBAZ4205_processing_system7_0_0.xdc] for cell 'EBAZ4205_i/processing_system7_0/inst'
Finished Parsing XDC File [d:/7020test/EBAZ4205/EBAZ4205.srcs/sources_1/bd/EBAZ4205/ip/EBAZ4205_processing_system7_0_0/EBAZ4205_processing_system7_0_0.xdc] for cell 'EBAZ4205_i/processing_system7_0/inst'
Parsing XDC File [d:/7020test/EBAZ4205/EBAZ4205.srcs/sources_1/bd/EBAZ4205/ip/EBAZ4205_proc_sys_reset_0_0/EBAZ4205_proc_sys_reset_0_0_board.xdc] for cell 'EBAZ4205_i/proc_sys_reset_0/U0'
Finished Parsing XDC File [d:/7020test/EBAZ4205/EBAZ4205.srcs/sources_1/bd/EBAZ4205/ip/EBAZ4205_proc_sys_reset_0_0/EBAZ4205_proc_sys_reset_0_0_board.xdc] for cell 'EBAZ4205_i/proc_sys_reset_0/U0'
Parsing XDC File [d:/7020test/EBAZ4205/EBAZ4205.srcs/sources_1/bd/EBAZ4205/ip/EBAZ4205_proc_sys_reset_0_0/EBAZ4205_proc_sys_reset_0_0.xdc] for cell 'EBAZ4205_i/proc_sys_reset_0/U0'
Finished Parsing XDC File [d:/7020test/EBAZ4205/EBAZ4205.srcs/sources_1/bd/EBAZ4205/ip/EBAZ4205_proc_sys_reset_0_0/EBAZ4205_proc_sys_reset_0_0.xdc] for cell 'EBAZ4205_i/proc_sys_reset_0/U0'
Parsing XDC File [D:/7020test/EBAZ4205/EBAZ4205.srcs/constrs_1/new/ebaz4205.xdc]
WARNING: [Vivado 12-584] No ports matched 'MDIO_PHY_0_mdc'. [D:/7020test/EBAZ4205/EBAZ4205.srcs/constrs_1/new/ebaz4205.xdc:1]
CRITICAL WARNING: [Common 17-55] 'set_property' expects at least one object. [D:/7020test/EBAZ4205/EBAZ4205.srcs/constrs_1/new/ebaz4205.xdc:1]
Resolution: If [get_<value>] was used to populate the object, check to make sure this command returns at least one valid object.
WARNING: [Vivado 12-584] No ports matched 'MDIO_PHY_0_mdio_io'. [D:/7020test/EBAZ4205/EBAZ4205.srcs/constrs_1/new/ebaz4205.xdc:2]
CRITICAL WARNING: [Common 17-55] 'set_property' expects at least one object. [D:/7020test/EBAZ4205/EBAZ4205.srcs/constrs_1/new/ebaz4205.xdc:2]
Resolution: If [get_<value>] was used to populate the object, check to make sure this command returns at least one valid object.
WARNING: [Vivado 12-584] No ports matched 'RGMII_0_rd[3]'. [D:/7020test/EBAZ4205/EBAZ4205.srcs/constrs_1/new/ebaz4205.xdc:3]
CRITICAL WARNING: [Common 17-55] 'set_property' expects at least one object. [D:/7020test/EBAZ4205/EBAZ4205.srcs/constrs_1/new/ebaz4205.xdc:3]
Resolution: If [get_<value>] was used to populate the object, check to make sure this command returns at least one valid object.
WARNING: [Vivado 12-584] No ports matched 'RGMII_0_rd[2]'. [D:/7020test/EBAZ4205/EBAZ4205.srcs/constrs_1/new/ebaz4205.xdc:4]
CRITICAL WARNING: [Common 17-55] 'set_property' expects at least one object. [D:/7020test/EBAZ4205/EBAZ4205.srcs/constrs_1/new/ebaz4205.xdc:4]
Resolution: If [get_<value>] was used to populate the object, check to make sure this command returns at least one valid object.
WARNING: [Vivado 12-584] No ports matched 'RGMII_0_rd[1]'. [D:/7020test/EBAZ4205/EBAZ4205.srcs/constrs_1/new/ebaz4205.xdc:5]
CRITICAL WARNING: [Common 17-55] 'set_property' expects at least one object. [D:/7020test/EBAZ4205/EBAZ4205.srcs/constrs_1/new/ebaz4205.xdc:5]
Resolution: If [get_<value>] was used to populate the object, check to make sure this command returns at least one valid object.
WARNING: [Vivado 12-584] No ports matched 'RGMII_0_rd[0]'. [D:/7020test/EBAZ4205/EBAZ4205.srcs/constrs_1/new/ebaz4205.xdc:6]
CRITICAL WARNING: [Common 17-55] 'set_property' expects at least one object. [D:/7020test/EBAZ4205/EBAZ4205.srcs/constrs_1/new/ebaz4205.xdc:6]
Resolution: If [get_<value>] was used to populate the object, check to make sure this command returns at least one valid object.
WARNING: [Vivado 12-584] No ports matched 'RGMII_0_td[3]'. [D:/7020test/EBAZ4205/EBAZ4205.srcs/constrs_1/new/ebaz4205.xdc:7]
CRITICAL WARNING: [Common 17-55] 'set_property' expects at least one object. [D:/7020test/EBAZ4205/EBAZ4205.srcs/constrs_1/new/ebaz4205.xdc:7]
Resolution: If [get_<value>] was used to populate the object, check to make sure this command returns at least one valid object.
WARNING: [Vivado 12-584] No ports matched 'RGMII_0_td[2]'. [D:/7020test/EBAZ4205/EBAZ4205.srcs/constrs_1/new/ebaz4205.xdc:8]
CRITICAL WARNING: [Common 17-55] 'set_property' expects at least one object. [D:/7020test/EBAZ4205/EBAZ4205.srcs/constrs_1/new/ebaz4205.xdc:8]
Resolution: If [get_<value>] was used to populate the object, check to make sure this command returns at least one valid object.
WARNING: [Vivado 12-584] No ports matched 'RGMII_0_td[1]'. [D:/7020test/EBAZ4205/EBAZ4205.srcs/constrs_1/new/ebaz4205.xdc:9]
CRITICAL WARNING: [Common 17-55] 'set_property' expects at least one object. [D:/7020test/EBAZ4205/EBAZ4205.srcs/constrs_1/new/ebaz4205.xdc:9]
Resolution: If [get_<value>] was used to populate the object, check to make sure this command returns at least one valid object.
WARNING: [Vivado 12-584] No ports matched 'RGMII_0_td[0]'. [D:/7020test/EBAZ4205/EBAZ4205.srcs/constrs_1/new/ebaz4205.xdc:10]
CRITICAL WARNING: [Common 17-55] 'set_property' expects at least one object. [D:/7020test/EBAZ4205/EBAZ4205.srcs/constrs_1/new/ebaz4205.xdc:10]
Resolution: If [get_<value>] was used to populate the object, check to make sure this command returns at least one valid object.
WARNING: [Vivado 12-584] No ports matched 'RGMII_0_rx_ctl'. [D:/7020test/EBAZ4205/EBAZ4205.srcs/constrs_1/new/ebaz4205.xdc:11]
CRITICAL WARNING: [Common 17-55] 'set_property' expects at least one object. [D:/7020test/EBAZ4205/EBAZ4205.srcs/constrs_1/new/ebaz4205.xdc:11]
Resolution: If [get_<value>] was used to populate the object, check to make sure this command returns at least one valid object.
WARNING: [Vivado 12-584] No ports matched 'RGMII_0_rxc'. [D:/7020test/EBAZ4205/EBAZ4205.srcs/constrs_1/new/ebaz4205.xdc:12]
CRITICAL WARNING: [Common 17-55] 'set_property' expects at least one object. [D:/7020test/EBAZ4205/EBAZ4205.srcs/constrs_1/new/ebaz4205.xdc:12]
Resolution: If [get_<value>] was used to populate the object, check to make sure this command returns at least one valid object.
WARNING: [Vivado 12-584] No ports matched 'RGMII_0_tx_ctl'. [D:/7020test/EBAZ4205/EBAZ4205.srcs/constrs_1/new/ebaz4205.xdc:13]
CRITICAL WARNING: [Common 17-55] 'set_property' expects at least one object. [D:/7020test/EBAZ4205/EBAZ4205.srcs/constrs_1/new/ebaz4205.xdc:13]
Resolution: If [get_<value>] was used to populate the object, check to make sure this command returns at least one valid object.
WARNING: [Vivado 12-584] No ports matched 'RGMII_0_txc'. [D:/7020test/EBAZ4205/EBAZ4205.srcs/constrs_1/new/ebaz4205.xdc:14]
CRITICAL WARNING: [Common 17-55] 'set_property' expects at least one object. [D:/7020test/EBAZ4205/EBAZ4205.srcs/constrs_1/new/ebaz4205.xdc:14]
Resolution: If [get_<value>] was used to populate the object, check to make sure this command returns at least one valid object.
WARNING: [Vivado 12-584] No ports matched 'MDIO_PHY_0_mdc'. [D:/7020test/EBAZ4205/EBAZ4205.srcs/constrs_1/new/ebaz4205.xdc:15]
CRITICAL WARNING: [Common 17-55] 'set_property' expects at least one object. [D:/7020test/EBAZ4205/EBAZ4205.srcs/constrs_1/new/ebaz4205.xdc:15]
Resolution: If [get_<value>] was used to populate the object, check to make sure this command returns at least one valid object.
WARNING: [Vivado 12-584] No ports matched 'MDIO_PHY_0_mdio_io'. [D:/7020test/EBAZ4205/EBAZ4205.srcs/constrs_1/new/ebaz4205.xdc:16]
CRITICAL WARNING: [Common 17-55] 'set_property' expects at least one object. [D:/7020test/EBAZ4205/EBAZ4205.srcs/constrs_1/new/ebaz4205.xdc:16]
Resolution: If [get_<value>] was used to populate the object, check to make sure this command returns at least one valid object.
WARNING: [Vivado 12-584] No ports matched 'RGMII_0_rd[2]'. [D:/7020test/EBAZ4205/EBAZ4205.srcs/constrs_1/new/ebaz4205.xdc:17]
CRITICAL WARNING: [Common 17-55] 'set_property' expects at least one object. [D:/7020test/EBAZ4205/EBAZ4205.srcs/constrs_1/new/ebaz4205.xdc:17]
Resolution: If [get_<value>] was used to populate the object, check to make sure this command returns at least one valid object.
WARNING: [Vivado 12-584] No ports matched 'RGMII_0_td[2]'. [D:/7020test/EBAZ4205/EBAZ4205.srcs/constrs_1/new/ebaz4205.xdc:18]
CRITICAL WARNING: [Common 17-55] 'set_property' expects at least one object. [D:/7020test/EBAZ4205/EBAZ4205.srcs/constrs_1/new/ebaz4205.xdc:18]
Resolution: If [get_<value>] was used to populate the object, check to make sure this command returns at least one valid object.
WARNING: [Vivado 12-584] No ports matched 'RGMII_0_td[0]'. [D:/7020test/EBAZ4205/EBAZ4205.srcs/constrs_1/new/ebaz4205.xdc:19]
CRITICAL WARNING: [Common 17-55] 'set_property' expects at least one object. [D:/7020test/EBAZ4205/EBAZ4205.srcs/constrs_1/new/ebaz4205.xdc:19]
Resolution: If [get_<value>] was used to populate the object, check to make sure this command returns at least one valid object.
WARNING: [Vivado 12-584] No ports matched 'RGMII_0_rd[1]'. [D:/7020test/EBAZ4205/EBAZ4205.srcs/constrs_1/new/ebaz4205.xdc:20]
CRITICAL WARNING: [Common 17-55] 'set_property' expects at least one object. [D:/7020test/EBAZ4205/EBAZ4205.srcs/constrs_1/new/ebaz4205.xdc:20]
Resolution: If [get_<value>] was used to populate the object, check to make sure this command returns at least one valid object.
WARNING: [Vivado 12-584] No ports matched 'RGMII_0_td[3]'. [D:/7020test/EBAZ4205/EBAZ4205.srcs/constrs_1/new/ebaz4205.xdc:21]
CRITICAL WARNING: [Common 17-55] 'set_property' expects at least one object. [D:/7020test/EBAZ4205/EBAZ4205.srcs/constrs_1/new/ebaz4205.xdc:21]
Resolution: If [get_<value>] was used to populate the object, check to make sure this command returns at least one valid object.
WARNING: [Vivado 12-584] No ports matched 'RGMII_0_td[1]'. [D:/7020test/EBAZ4205/EBAZ4205.srcs/constrs_1/new/ebaz4205.xdc:22]
CRITICAL WARNING: [Common 17-55] 'set_property' expects at least one object. [D:/7020test/EBAZ4205/EBAZ4205.srcs/constrs_1/new/ebaz4205.xdc:22]
Resolution: If [get_<value>] was used to populate the object, check to make sure this command returns at least one valid object.
WARNING: [Vivado 12-584] No ports matched 'RGMII_0_rd[0]'. [D:/7020test/EBAZ4205/EBAZ4205.srcs/constrs_1/new/ebaz4205.xdc:23]
CRITICAL WARNING: [Common 17-55] 'set_property' expects at least one object. [D:/7020test/EBAZ4205/EBAZ4205.srcs/constrs_1/new/ebaz4205.xdc:23]
Resolution: If [get_<value>] was used to populate the object, check to make sure this command returns at least one valid object.
WARNING: [Vivado 12-584] No ports matched 'RGMII_0_rd[3]'. [D:/7020test/EBAZ4205/EBAZ4205.srcs/constrs_1/new/ebaz4205.xdc:24]
CRITICAL WARNING: [Common 17-55] 'set_property' expects at least one object. [D:/7020test/EBAZ4205/EBAZ4205.srcs/constrs_1/new/ebaz4205.xdc:24]
Resolution: If [get_<value>] was used to populate the object, check to make sure this command returns at least one valid object.
WARNING: [Vivado 12-584] No ports matched 'RGMII_0_txc'. [D:/7020test/EBAZ4205/EBAZ4205.srcs/constrs_1/new/ebaz4205.xdc:25]
CRITICAL WARNING: [Common 17-55] 'set_property' expects at least one object. [D:/7020test/EBAZ4205/EBAZ4205.srcs/constrs_1/new/ebaz4205.xdc:25]
Resolution: If [get_<value>] was used to populate the object, check to make sure this command returns at least one valid object.
WARNING: [Vivado 12-584] No ports matched 'RGMII_0_rxc'. [D:/7020test/EBAZ4205/EBAZ4205.srcs/constrs_1/new/ebaz4205.xdc:26]
CRITICAL WARNING: [Common 17-55] 'set_property' expects at least one object. [D:/7020test/EBAZ4205/EBAZ4205.srcs/constrs_1/new/ebaz4205.xdc:26]
Resolution: If [get_<value>] was used to populate the object, check to make sure this command returns at least one valid object.
WARNING: [Vivado 12-584] No ports matched 'RGMII_0_rx_ctl'. [D:/7020test/EBAZ4205/EBAZ4205.srcs/constrs_1/new/ebaz4205.xdc:27]
CRITICAL WARNING: [Common 17-55] 'set_property' expects at least one object. [D:/7020test/EBAZ4205/EBAZ4205.srcs/constrs_1/new/ebaz4205.xdc:27]
Resolution: If [get_<value>] was used to populate the object, check to make sure this command returns at least one valid object.
WARNING: [Vivado 12-584] No ports matched 'RGMII_0_tx_ctl'. [D:/7020test/EBAZ4205/EBAZ4205.srcs/constrs_1/new/ebaz4205.xdc:28]
CRITICAL WARNING: [Common 17-55] 'set_property' expects at least one object. [D:/7020test/EBAZ4205/EBAZ4205.srcs/constrs_1/new/ebaz4205.xdc:28]
Resolution: If [get_<value>] was used to populate the object, check to make sure this command returns at least one valid object.
WARNING: [Vivado 12-584] No ports matched 'ENET0_GMII_TXD_0[7]'. [D:/7020test/EBAZ4205/EBAZ4205.srcs/constrs_1/new/ebaz4205.xdc:48]
CRITICAL WARNING: [Common 17-55] 'set_property' expects at least one object. [D:/7020test/EBAZ4205/EBAZ4205.srcs/constrs_1/new/ebaz4205.xdc:48]
Resolution: If [get_<value>] was used to populate the object, check to make sure this command returns at least one valid object.
WARNING: [Vivado 12-584] No ports matched 'ENET0_GMII_TXD_0[6]'. [D:/7020test/EBAZ4205/EBAZ4205.srcs/constrs_1/new/ebaz4205.xdc:49]
CRITICAL WARNING: [Common 17-55] 'set_property' expects at least one object. [D:/7020test/EBAZ4205/EBAZ4205.srcs/constrs_1/new/ebaz4205.xdc:49]
Resolution: If [get_<value>] was used to populate the object, check to make sure this command returns at least one valid object.
WARNING: [Vivado 12-584] No ports matched 'ENET0_GMII_TXD_0[5]'. [D:/7020test/EBAZ4205/EBAZ4205.srcs/constrs_1/new/ebaz4205.xdc:50]
CRITICAL WARNING: [Common 17-55] 'set_property' expects at least one object. [D:/7020test/EBAZ4205/EBAZ4205.srcs/constrs_1/new/ebaz4205.xdc:50]
Resolution: If [get_<value>] was used to populate the object, check to make sure this command returns at least one valid object.
WARNING: [Vivado 12-584] No ports matched 'ENET0_GMII_TXD_0[4]'. [D:/7020test/EBAZ4205/EBAZ4205.srcs/constrs_1/new/ebaz4205.xdc:51]
CRITICAL WARNING: [Common 17-55] 'set_property' expects at least one object. [D:/7020test/EBAZ4205/EBAZ4205.srcs/constrs_1/new/ebaz4205.xdc:51]
Resolution: If [get_<value>] was used to populate the object, check to make sure this command returns at least one valid object.
Finished Parsing XDC File [D:/7020test/EBAZ4205/EBAZ4205.srcs/constrs_1/new/ebaz4205.xdc]
INFO: [Opt 31-138] Pushed 0 inverter(s) to 0 load pin(s).
INFO: [Project 1-111] Unisim Transformation Summary:
  A total of 7 instances were transformed.
  IOBUF => IOBUF (IBUF, OBUFT): 7 instances

15 Infos, 32 Warnings, 32 Critical Warnings and 0 Errors encountered.
link_design completed successfully
link_design: Time (s): cpu = 00:00:07 ; elapsed = 00:00:11 . Memory (MB): peak = 590.395 ; gain = 342.578
Command: opt_design
Attempting to get a license for feature 'Implementation' and/or device 'xc7z010'
INFO: [Common 17-349] Got license for feature 'Implementation' and/or device 'xc7z010'
Running DRC as a precondition to command opt_design

Starting DRC Task
INFO: [DRC 23-27] Running DRC with 2 threads
INFO: [Project 1-461] DRC finished with 0 Errors
INFO: [Project 1-462] Please refer to the DRC report (report_drc) for more information.

Time (s): cpu = 00:00:00 ; elapsed = 00:00:00.458 . Memory (MB): peak = 600.434 ; gain = 10.039
INFO: [Timing 38-35] Done setting XDC timing constraints.

Starting Logic Optimization Task

Phase 1 Retarget
INFO: [Opt 31-138] Pushed 0 inverter(s) to 0 load pin(s).
INFO: [Opt 31-49] Retargeted 0 cell(s).
Phase 1 Retarget | Checksum: e42f3346

Time (s): cpu = 00:00:00 ; elapsed = 00:00:00.084 . Memory (MB): peak = 1074.746 ; gain = 0.000
INFO: [Opt 31-389] Phase Retarget created 2 cells and removed 27 cells

Phase 2 Constant propagation
INFO: [Opt 31-138] Pushed 0 inverter(s) to 0 load pin(s).
Phase 2 Constant propagation | Checksum: dc4ba66f

Time (s): cpu = 00:00:00 ; elapsed = 00:00:00.097 . Memory (MB): peak = 1074.746 ; gain = 0.000
INFO: [Opt 31-389] Phase Constant propagation created 0 cells and removed 7 cells

Phase 3 Sweep
Phase 3 Sweep | Checksum: ca969f0d

Time (s): cpu = 00:00:00 ; elapsed = 00:00:00.240 . Memory (MB): peak = 1074.746 ; gain = 0.000
INFO: [Opt 31-389] Phase Sweep created 0 cells and removed 94 cells

Phase 4 BUFG optimization
Phase 4 BUFG optimization | Checksum: ca969f0d

Time (s): cpu = 00:00:00 ; elapsed = 00:00:00.270 . Memory (MB): peak = 1074.746 ; gain = 0.000
INFO: [Opt 31-389] Phase BUFG optimization created 0 cells and removed 0 cells

Phase 5 Shift Register Optimization
Phase 5 Shift Register Optimization | Checksum: ca969f0d

Time (s): cpu = 00:00:00 ; elapsed = 00:00:00.291 . Memory (MB): peak = 1074.746 ; gain = 0.000
INFO: [Opt 31-389] Phase Shift Register Optimization created 0 cells and removed 0 cells

Starting Connectivity Check Task

Time (s): cpu = 00:00:00 ; elapsed = 00:00:00.002 . Memory (MB): peak = 1074.746 ; gain = 0.000
Ending Logic Optimization Task | Checksum: ca969f0d

Time (s): cpu = 00:00:01 ; elapsed = 00:00:00.346 . Memory (MB): peak = 1074.746 ; gain = 0.000

Starting Power Optimization Task
INFO: [Pwropt 34-132] Skipping clock gating for clocks with a period < 2.00 ns.
Ending Power Optimization Task | Checksum: 1fef705db

Time (s): cpu = 00:00:00 ; elapsed = 00:00:00.012 . Memory (MB): peak = 1074.746 ; gain = 0.000
INFO: [Common 17-83] Releasing license: Implementation
30 Infos, 32 Warnings, 32 Critical Warnings and 0 Errors encountered.
opt_design completed successfully
opt_design: Time (s): cpu = 00:00:10 ; elapsed = 00:00:10 . Memory (MB): peak = 1074.746 ; gain = 484.352
Writing placer database...
Writing XDEF routing.
Writing XDEF routing logical nets.
Writing XDEF routing special nets.
Write XDEF Complete: Time (s): cpu = 00:00:00 ; elapsed = 00:00:00.063 . Memory (MB): peak = 1074.746 ; gain = 0.000
INFO: [Common 17-1381] The checkpoint 'D:/7020test/EBAZ4205/EBAZ4205.runs/impl_1/EBAZ4205_wrapper_opt.dcp' has been generated.
INFO: [runtcl-4] Executing : report_drc -file EBAZ4205_wrapper_drc_opted.rpt -pb EBAZ4205_wrapper_drc_opted.pb -rpx EBAZ4205_wrapper_drc_opted.rpx
Command: report_drc -file EBAZ4205_wrapper_drc_opted.rpt -pb EBAZ4205_wrapper_drc_opted.pb -rpx EBAZ4205_wrapper_drc_opted.rpx
INFO: [IP_Flow 19-1839] IP Catalog is up to date.
INFO: [DRC 23-27] Running DRC with 2 threads
INFO: [Coretcl 2-168] The results of DRC are in file D:/7020test/EBAZ4205/EBAZ4205.runs/impl_1/EBAZ4205_wrapper_drc_opted.rpt.
report_drc completed successfully
INFO: [Chipscope 16-241] No debug cores found in the current design.
Before running the implement_debug_core command, either use the Set Up Debug wizard (GUI mode)
or use the create_debug_core and connect_debug_core Tcl commands to insert debug cores into the design.
Command: place_design
Attempting to get a license for feature 'Implementation' and/or device 'xc7z010'
INFO: [Common 17-349] Got license for feature 'Implementation' and/or device 'xc7z010'
INFO: [DRC 23-27] Running DRC with 2 threads
INFO: [Vivado_Tcl 4-198] DRC finished with 0 Errors
INFO: [Vivado_Tcl 4-199] Please refer to the DRC report (report_drc) for more information.
Running DRC as a precondition to command place_design
INFO: [DRC 23-27] Running DRC with 2 threads
INFO: [Vivado_Tcl 4-198] DRC finished with 0 Errors
INFO: [Vivado_Tcl 4-199] Please refer to the DRC report (report_drc) for more information.

Starting Placer Task
INFO: [Place 30-611] Multithreading enabled for place_design using a maximum of 2 CPUs

Phase 1 Placer Initialization

Phase 1.1 Placer Initialization Netlist Sorting
Netlist sorting complete. Time (s): cpu = 00:00:00 ; elapsed = 00:00:00.001 . Memory (MB): peak = 1075.480 ; gain = 0.000
Phase 1.1 Placer Initialization Netlist Sorting | Checksum: 1690f7c24

Time (s): cpu = 00:00:00 ; elapsed = 00:00:00.013 . Memory (MB): peak = 1075.480 ; gain = 0.000
INFO: [Timing 38-35] Done setting XDC timing constraints.
INFO: [Opt 31-138] Pushed 0 inverter(s) to 0 load pin(s).
Netlist sorting complete. Time (s): cpu = 00:00:00 ; elapsed = 00:00:00.001 . Memory (MB): peak = 1082.633 ; gain = 0.000

Phase 1.2 IO Placement/ Clock Placement/ Build Placer Device
INFO: [Timing 38-35] Done setting XDC timing constraints.
Phase 1.2 IO Placement/ Clock Placement/ Build Placer Device | Checksum: 10330e307

Time (s): cpu = 00:00:01 ; elapsed = 00:00:02 . Memory (MB): peak = 1083.691 ; gain = 8.211

Phase 1.3 Build Placer Netlist Model
Phase 1.3 Build Placer Netlist Model | Checksum: 1640cedc0

Time (s): cpu = 00:00:01 ; elapsed = 00:00:02 . Memory (MB): peak = 1092.348 ; gain = 16.867

Phase 1.4 Constrain Clocks/Macros
Phase 1.4 Constrain Clocks/Macros | Checksum: 1640cedc0

Time (s): cpu = 00:00:01 ; elapsed = 00:00:02 . Memory (MB): peak = 1092.348 ; gain = 16.867
Phase 1 Placer Initialization | Checksum: 1640cedc0

Time (s): cpu = 00:00:01 ; elapsed = 00:00:02 . Memory (MB): peak = 1092.348 ; gain = 16.867

Phase 2 Global Placement
Phase 2 Global Placement | Checksum: 1cff8b3d0

Time (s): cpu = 00:00:02 ; elapsed = 00:00:02 . Memory (MB): peak = 1092.348 ; gain = 16.867

Phase 3 Detail Placement

Phase 3.1 Commit Multi Column Macros
Phase 3.1 Commit Multi Column Macros | Checksum: 1cff8b3d0

Time (s): cpu = 00:00:02 ; elapsed = 00:00:02 . Memory (MB): peak = 1092.348 ; gain = 16.867

Phase 3.2 Commit Most Macros & LUTRAMs
Phase 3.2 Commit Most Macros & LUTRAMs | Checksum: 116092084

Time (s): cpu = 00:00:02 ; elapsed = 00:00:02 . Memory (MB): peak = 1092.348 ; gain = 16.867

Phase 3.3 Area Swap Optimization
Phase 3.3 Area Swap Optimization | Checksum: 1f5244e32

Time (s): cpu = 00:00:02 ; elapsed = 00:00:02 . Memory (MB): peak = 1092.348 ; gain = 16.867

Phase 3.4 Pipeline Register Optimization
Phase 3.4 Pipeline Register Optimization | Checksum: 1f5244e32

Time (s): cpu = 00:00:02 ; elapsed = 00:00:02 . Memory (MB): peak = 1092.348 ; gain = 16.867

Phase 3.5 Small Shape Detail Placement
Phase 3.5 Small Shape Detail Placement | Checksum: 1fdabc460

Time (s): cpu = 00:00:02 ; elapsed = 00:00:02 . Memory (MB): peak = 1092.348 ; gain = 16.867

Phase 3.6 Re-assign LUT pins
Phase 3.6 Re-assign LUT pins | Checksum: 1fdabc460

Time (s): cpu = 00:00:02 ; elapsed = 00:00:02 . Memory (MB): peak = 1092.348 ; gain = 16.867

Phase 3.7 Pipeline Register Optimization
Phase 3.7 Pipeline Register Optimization | Checksum: 1fdabc460

Time (s): cpu = 00:00:02 ; elapsed = 00:00:02 . Memory (MB): peak = 1092.348 ; gain = 16.867
Phase 3 Detail Placement | Checksum: 1fdabc460

Time (s): cpu = 00:00:02 ; elapsed = 00:00:02 . Memory (MB): peak = 1092.348 ; gain = 16.867

Phase 4 Post Placement Optimization and Clean-Up

Phase 4.1 Post Commit Optimization
Phase 4.1 Post Commit Optimization | Checksum: 1fdabc460

Time (s): cpu = 00:00:02 ; elapsed = 00:00:02 . Memory (MB): peak = 1092.348 ; gain = 16.867

Phase 4.2 Post Placement Cleanup
Phase 4.2 Post Placement Cleanup | Checksum: 1fdabc460

Time (s): cpu = 00:00:02 ; elapsed = 00:00:02 . Memory (MB): peak = 1092.348 ; gain = 16.867

Phase 4.3 Placer Reporting
Phase 4.3 Placer Reporting | Checksum: 1fdabc460

Time (s): cpu = 00:00:02 ; elapsed = 00:00:02 . Memory (MB): peak = 1092.348 ; gain = 16.867

Phase 4.4 Final Placement Cleanup
Phase 4.4 Final Placement Cleanup | Checksum: 1fdabc460

Time (s): cpu = 00:00:02 ; elapsed = 00:00:02 . Memory (MB): peak = 1092.348 ; gain = 16.867
Phase 4 Post Placement Optimization and Clean-Up | Checksum: 1fdabc460

Time (s): cpu = 00:00:02 ; elapsed = 00:00:02 . Memory (MB): peak = 1092.348 ; gain = 16.867
Ending Placer Task | Checksum: 148857920

Time (s): cpu = 00:00:02 ; elapsed = 00:00:02 . Memory (MB): peak = 1092.348 ; gain = 16.867
INFO: [Common 17-83] Releasing license: Implementation
48 Infos, 32 Warnings, 32 Critical Warnings and 0 Errors encountered.
place_design completed successfully
Writing placer database...
Writing XDEF routing.
Writing XDEF routing logical nets.
Writing XDEF routing special nets.
Write XDEF Complete: Time (s): cpu = 00:00:00 ; elapsed = 00:00:00.058 . Memory (MB): peak = 1092.348 ; gain = 0.000
INFO: [Common 17-1381] The checkpoint 'D:/7020test/EBAZ4205/EBAZ4205.runs/impl_1/EBAZ4205_wrapper_placed.dcp' has been generated.
INFO: [runtcl-4] Executing : report_io -file EBAZ4205_wrapper_io_placed.rpt
report_io: Time (s): cpu = 00:00:00 ; elapsed = 00:00:00.062 . Memory (MB): peak = 1092.348 ; gain = 0.000
INFO: [runtcl-4] Executing : report_utilization -file EBAZ4205_wrapper_utilization_placed.rpt -pb EBAZ4205_wrapper_utilization_placed.pb
report_utilization: Time (s): cpu = 00:00:00 ; elapsed = 00:00:00.020 . Memory (MB): peak = 1092.348 ; gain = 0.000
INFO: [runtcl-4] Executing : report_control_sets -verbose -file EBAZ4205_wrapper_control_sets_placed.rpt
report_control_sets: Time (s): cpu = 00:00:00 ; elapsed = 00:00:00.002 . Memory (MB): peak = 1092.348 ; gain = 0.000
Command: route_design
Attempting to get a license for feature 'Implementation' and/or device 'xc7z010'
INFO: [Common 17-349] Got license for feature 'Implementation' and/or device 'xc7z010'
Running DRC as a precondition to command route_design
INFO: [DRC 23-27] Running DRC with 2 threads
INFO: [Vivado_Tcl 4-198] DRC finished with 0 Errors
INFO: [Vivado_Tcl 4-199] Please refer to the DRC report (report_drc) for more information.


Starting Routing Task
INFO: [Route 35-254] Multithreading enabled for route_design using a maximum of 2 CPUs
Checksum: PlaceDB: 595f16b9 ConstDB: 0 ShapeSum: ef266267 RouteDB: 0

Phase 1 Build RT Design
Phase 1 Build RT Design | Checksum: f27da93c

Time (s): cpu = 00:00:12 ; elapsed = 00:00:11 . Memory (MB): peak = 1157.648 ; gain = 65.301
Post Restoration Checksum: NetGraph: 67615def NumContArr: 8b1c4b4d Constraints: 0 Timing: 0

Phase 2 Router Initialization

Phase 2.1 Create Timer
INFO: [Timing 38-35] Done setting XDC timing constraints.
Phase 2.1 Create Timer | Checksum: f27da93c

Time (s): cpu = 00:00:12 ; elapsed = 00:00:11 . Memory (MB): peak = 1172.316 ; gain = 79.969

Phase 2.2 Fix Topology Constraints
Phase 2.2 Fix Topology Constraints | Checksum: f27da93c

Time (s): cpu = 00:00:12 ; elapsed = 00:00:11 . Memory (MB): peak = 1179.016 ; gain = 86.668

Phase 2.3 Pre Route Cleanup
Phase 2.3 Pre Route Cleanup | Checksum: f27da93c

Time (s): cpu = 00:00:12 ; elapsed = 00:00:11 . Memory (MB): peak = 1179.016 ; gain = 86.668
 Number of Nodes with overlaps = 0

Phase 2.4 Update Timing
Phase 2.4 Update Timing | Checksum: 1cec1bc56

Time (s): cpu = 00:00:12 ; elapsed = 00:00:11 . Memory (MB): peak = 1183.723 ; gain = 91.375
Phase 2 Router Initialization | Checksum: 1cec1bc56

Time (s): cpu = 00:00:12 ; elapsed = 00:00:11 . Memory (MB): peak = 1183.723 ; gain = 91.375

Phase 3 Initial Routing
Phase 3 Initial Routing | Checksum: 68090b06

Time (s): cpu = 00:00:13 ; elapsed = 00:00:11 . Memory (MB): peak = 1183.723 ; gain = 91.375

Phase 4 Rip-up And Reroute

Phase 4.1 Global Iteration 0
 Number of Nodes with overlaps = 0
Phase 4.1 Global Iteration 0 | Checksum: f03972d8

Time (s): cpu = 00:00:13 ; elapsed = 00:00:11 . Memory (MB): peak = 1183.758 ; gain = 91.410
Phase 4 Rip-up And Reroute | Checksum: f03972d8

Time (s): cpu = 00:00:13 ; elapsed = 00:00:11 . Memory (MB): peak = 1183.758 ; gain = 91.410

Phase 5 Delay and Skew Optimization

Phase 5.1 Delay CleanUp
Phase 5.1 Delay CleanUp | Checksum: f03972d8

Time (s): cpu = 00:00:13 ; elapsed = 00:00:11 . Memory (MB): peak = 1183.758 ; gain = 91.410

Phase 5.2 Clock Skew Optimization
Phase 5.2 Clock Skew Optimization | Checksum: f03972d8

Time (s): cpu = 00:00:13 ; elapsed = 00:00:11 . Memory (MB): peak = 1183.758 ; gain = 91.410
Phase 5 Delay and Skew Optimization | Checksum: f03972d8

Time (s): cpu = 00:00:13 ; elapsed = 00:00:11 . Memory (MB): peak = 1183.758 ; gain = 91.410

Phase 6 Post Hold Fix

Phase 6.1 Hold Fix Iter

Phase 6.1.1 Update Timing
Phase 6.1.1 Update Timing | Checksum: f03972d8

Time (s): cpu = 00:00:13 ; elapsed = 00:00:11 . Memory (MB): peak = 1183.758 ; gain = 91.410
Phase 6.1 Hold Fix Iter | Checksum: f03972d8

Time (s): cpu = 00:00:13 ; elapsed = 00:00:11 . Memory (MB): peak = 1183.758 ; gain = 91.410
Phase 6 Post Hold Fix | Checksum: f03972d8

Time (s): cpu = 00:00:13 ; elapsed = 00:00:11 . Memory (MB): peak = 1183.758 ; gain = 91.410

Phase 7 Route finalize

Router Utilization Summary
  Global Vertical Routing Utilization    = 0.195805 %
  Global Horizontal Routing Utilization  = 0.271829 %
  Routable Net Status*
  *Does not include unroutable nets such as driverless and loadless.
  Run report_route_status for detailed report.
  Number of Failed Nets               = 0
  Number of Unrouted Nets             = 0
  Number of Partially Routed Nets     = 0
  Number of Node Overlaps             = 0

Phase 7 Route finalize | Checksum: f03972d8

Time (s): cpu = 00:00:13 ; elapsed = 00:00:11 . Memory (MB): peak = 1183.758 ; gain = 91.410

Phase 8 Verifying routed nets

 Verification completed successfully
Phase 8 Verifying routed nets | Checksum: f03972d8

Time (s): cpu = 00:00:13 ; elapsed = 00:00:11 . Memory (MB): peak = 1185.734 ; gain = 93.387

Phase 9 Depositing Routes
Phase 9 Depositing Routes | Checksum: 13ddd4414

Time (s): cpu = 00:00:13 ; elapsed = 00:00:11 . Memory (MB): peak = 1185.734 ; gain = 93.387

Phase 10 Post Router Timing
Phase 10 Post Router Timing | Checksum: 13ddd4414

Time (s): cpu = 00:00:13 ; elapsed = 00:00:11 . Memory (MB): peak = 1185.734 ; gain = 93.387
INFO: [Route 35-16] Router Completed Successfully

Time (s): cpu = 00:00:13 ; elapsed = 00:00:11 . Memory (MB): peak = 1185.734 ; gain = 93.387

Routing Is Done.
INFO: [Common 17-83] Releasing license: Implementation
60 Infos, 32 Warnings, 32 Critical Warnings and 0 Errors encountered.
route_design completed successfully
route_design: Time (s): cpu = 00:00:15 ; elapsed = 00:00:12 . Memory (MB): peak = 1185.734 ; gain = 93.387
Writing placer database...
Writing XDEF routing.
Writing XDEF routing logical nets.
Writing XDEF routing special nets.
Write XDEF Complete: Time (s): cpu = 00:00:00 ; elapsed = 00:00:00.068 . Memory (MB): peak = 1185.734 ; gain = 0.000
INFO: [Common 17-1381] The checkpoint 'D:/7020test/EBAZ4205/EBAZ4205.runs/impl_1/EBAZ4205_wrapper_routed.dcp' has been generated.
INFO: [runtcl-4] Executing : report_drc -file EBAZ4205_wrapper_drc_routed.rpt -pb EBAZ4205_wrapper_drc_routed.pb -rpx EBAZ4205_wrapper_drc_routed.rpx
Command: report_drc -file EBAZ4205_wrapper_drc_routed.rpt -pb EBAZ4205_wrapper_drc_routed.pb -rpx EBAZ4205_wrapper_drc_routed.rpx
INFO: [IP_Flow 19-1839] IP Catalog is up to date.
INFO: [DRC 23-27] Running DRC with 2 threads
INFO: [Coretcl 2-168] The results of DRC are in file D:/7020test/EBAZ4205/EBAZ4205.runs/impl_1/EBAZ4205_wrapper_drc_routed.rpt.
report_drc completed successfully
INFO: [runtcl-4] Executing : report_methodology -file EBAZ4205_wrapper_methodology_drc_routed.rpt -pb EBAZ4205_wrapper_methodology_drc_routed.pb -rpx EBAZ4205_wrapper_methodology_drc_routed.rpx
Command: report_methodology -file EBAZ4205_wrapper_methodology_drc_routed.rpt -pb EBAZ4205_wrapper_methodology_drc_routed.pb -rpx EBAZ4205_wrapper_methodology_drc_routed.rpx
INFO: [Timing 38-35] Done setting XDC timing constraints.
INFO: [Timing 38-35] Done setting XDC timing constraints.
INFO: [DRC 23-133] Running Methodology with 2 threads
INFO: [Coretcl 2-1520] The results of Report Methodology are in file D:/7020test/EBAZ4205/EBAZ4205.runs/impl_1/EBAZ4205_wrapper_methodology_drc_routed.rpt.
report_methodology completed successfully
INFO: [runtcl-4] Executing : report_power -file EBAZ4205_wrapper_power_routed.rpt -pb EBAZ4205_wrapper_power_summary_routed.pb -rpx EBAZ4205_wrapper_power_routed.rpx
Command: report_power -file EBAZ4205_wrapper_power_routed.rpt -pb EBAZ4205_wrapper_power_summary_routed.pb -rpx EBAZ4205_wrapper_power_routed.rpx
INFO: [Timing 38-35] Done setting XDC timing constraints.
Running Vector-less Activity Propagation...

Finished Running Vector-less Activity Propagation
72 Infos, 32 Warnings, 32 Critical Warnings and 0 Errors encountered.
report_power completed successfully
INFO: [runtcl-4] Executing : report_route_status -file EBAZ4205_wrapper_route_status.rpt -pb EBAZ4205_wrapper_route_status.pb
INFO: [runtcl-4] Executing : report_timing_summary -max_paths 10 -file EBAZ4205_wrapper_timing_summary_routed.rpt -rpx EBAZ4205_wrapper_timing_summary_routed.rpx -warn_on_violation 
INFO: [Timing 38-91] UpdateTimingParams: Speed grade: -1, Delay Type: min_max.
INFO: [Timing 38-191] Multithreading enabled for timing update using a maximum of 2 CPUs
INFO: [runtcl-4] Executing : report_incremental_reuse -file EBAZ4205_wrapper_incremental_reuse_routed.rpt
INFO: [Vivado_Tcl 4-545] No incremental reuse to report, no incremental placement and routing data was found.
INFO: [runtcl-4] Executing : report_clock_utilization -file EBAZ4205_wrapper_clock_utilization_routed.rpt
Command: write_bitstream -force EBAZ4205_wrapper.bit
Attempting to get a license for feature 'Implementation' and/or device 'xc7z010'
INFO: [Common 17-349] Got license for feature 'Implementation' and/or device 'xc7z010'
Running DRC as a precondition to command write_bitstream
INFO: [IP_Flow 19-1839] IP Catalog is up to date.
INFO: [DRC 23-27] Running DRC with 2 threads
INFO: [Vivado 12-3199] DRC finished with 0 Errors
INFO: [Vivado 12-3200] Please refer to the DRC report (report_drc) for more information.
INFO: [Project 1-821] Please set project.enableDesignId to be 'true'.
INFO: [Designutils 20-2272] Running write_bitstream with 2 threads.
Loading data files...
Loading site data...
Loading route data...
Processing options...
Creating bitmap...
Creating bitstream...
Writing bitstream ./EBAZ4205_wrapper.bit...
INFO: [Vivado 12-1842] Bitgen Completed Successfully.
INFO: [Project 1-120] WebTalk data collection is mandatory when using a WebPACK part without a full Vivado license. To see the specific WebTalk data collected for your design, open the usage_statistics_webtalk.html or usage_statistics_webtalk.xml file in the implementation directory.
INFO: [Common 17-83] Releasing license: Implementation
89 Infos, 32 Warnings, 32 Critical Warnings and 0 Errors encountered.
write_bitstream completed successfully
write_bitstream: Time (s): cpu = 00:00:13 ; elapsed = 00:00:12 . Memory (MB): peak = 1611.719 ; gain = 405.309
INFO: [Common 17-206] Exiting Vivado at Sun Sep  6 13:32:43 2020...
